============================= test session starts ==============================
platform darwin -- Python 3.13.5, pytest-8.3.5, pluggy-1.6.0 -- /Users/yifeitao/Desktop/pdd/.venv/bin/python3
cachedir: .pytest_cache
rootdir: /Users/yifeitao/Desktop/pdd
configfile: pytest.ini
plugins: mock-3.15.1, cov-5.0.0, xdist-3.8.0, timeout-2.4.0, asyncio-1.3.0, testmon-2.2.0, anyio-4.13.0
asyncio: mode=Mode.STRICT, debug=False, asyncio_default_fixture_loop_scope=function, asyncio_default_test_loop_scope=function
collecting ... collected 37 items

tests/test_contract.py::test_capacity_zero_raises_value_error PASSED     [  2%]
tests/test_contract.py::test_capacity_negative_raises_value_error PASSED [  5%]
tests/test_contract.py::test_capacity_float_raises_value_error PASSED    [  8%]
tests/test_contract.py::test_capacity_bool_raises_value_error PASSED     [ 10%]
tests/test_contract.py::test_capacity_string_raises_value_error PASSED   [ 13%]
tests/test_contract.py::test_default_tokens_available_equals_capacity PASSED [ 16%]
tests/test_contract.py::test_default_tokens_available_equals_capacity_one PASSED [ 18%]
tests/test_contract.py::test_explicit_tokens_available_used_when_provided PASSED [ 21%]
tests/test_contract.py::test_explicit_tokens_available_zero_allowed PASSED [ 24%]
tests/test_contract.py::test_explicit_tokens_available_equal_to_capacity_allowed PASSED [ 27%]
tests/test_contract.py::test_explicit_tokens_above_capacity_rejected PASSED [ 29%]
tests/test_contract.py::test_explicit_tokens_negative_rejected PASSED    [ 32%]
tests/test_contract.py::test_consume_less_than_available_returns_true_and_decrements PASSED [ 35%]
tests/test_contract.py::test_consume_exact_available_returns_true_and_zeroes PASSED [ 37%]
tests/test_contract.py::test_consume_zero_returns_true_and_does_not_change PASSED [ 40%]
tests/test_contract.py::test_multiple_consumes_accumulate_correctly PASSED [ 43%]
tests/test_contract.py::test_consume_more_than_available_returns_false_and_preserves_state PASSED [ 45%]
tests/test_contract.py::test_consume_from_empty_bucket_returns_false PASSED [ 48%]
tests/test_contract.py::test_consume_one_over_available_returns_false PASSED [ 51%]
tests/test_contract.py::test_refill_adds_tokens_within_capacity PASSED   [ 54%]
tests/test_contract.py::test_refill_zero_does_not_change PASSED          [ 56%]
tests/test_contract.py::test_refill_to_exact_capacity PASSED             [ 59%]
tests/test_contract.py::test_refill_exceeding_capacity_caps_at_capacity PASSED [ 62%]
tests/test_contract.py::test_refill_full_bucket_stays_full PASSED        [ 64%]
tests/test_contract.py::test_refill_huge_amount_caps_at_capacity PASSED  [ 67%]
tests/test_contract.py::test_capacity_property_returns_value PASSED      [ 70%]
tests/test_contract.py::test_capacity_unchanged_after_consume_and_refill PASSED [ 72%]
tests/test_contract.py::test_capacity_is_read_only PASSED                [ 75%]
tests/test_contract.py::test_refill_negative_raises PASSED               [ 78%]
tests/test_contract.py::test_refill_bool_raises PASSED                   [ 81%]
tests/test_contract.py::test_consume_negative_raises PASSED              [ 83%]
tests/test_contract.py::test_consume_bool_raises PASSED                  [ 86%]
tests/test_contract.py::test_full_lifecycle_scenario PASSED              [ 89%]
tests/test_contract.py::test_z3_consume_preserves_token_bounds PASSED    [ 91%]
tests/test_contract.py::test_z3_refill_caps_at_capacity PASSED           [ 94%]
tests/test_contract.py::test_z3_failed_consume_does_not_mutate PASSED    [ 97%]
tests/test_contract.py::test_z3_successful_consume_decrements_exactly PASSED [100%]

============================== 37 passed in 0.06s ==============================
