============================= test session starts ==============================
platform darwin -- Python 3.13.5, pytest-8.3.5, pluggy-1.6.0 -- /Users/yifeitao/Desktop/pdd/.venv/bin/python3
cachedir: .pytest_cache
rootdir: /Users/yifeitao/Desktop/pdd
configfile: pytest.ini
plugins: mock-3.15.1, cov-5.0.0, xdist-3.8.0, timeout-2.4.0, asyncio-1.3.0, testmon-2.2.0, anyio-4.13.0
asyncio: mode=Mode.STRICT, debug=False, asyncio_default_fixture_loop_scope=function, asyncio_default_test_loop_scope=function
collecting ... collected 0 items / 1 error

==================================== ERRORS ====================================
_____ ERROR collecting examples/generate_test_z3_demo/tests/test_after.py ______
../../.venv/lib/python3.13/site-packages/_pytest/python.py:493: in importtestmodule
    mod = import_path(
../../.venv/lib/python3.13/site-packages/_pytest/pathlib.py:587: in import_path
    importlib.import_module(module_name)
/opt/homebrew/Cellar/python@3.13/3.13.5/Frameworks/Python.framework/Versions/3.13/lib/python3.13/importlib/__init__.py:88: in import_module
    return _bootstrap._gcd_import(name[level:], package, level)
<frozen importlib._bootstrap>:1387: in _gcd_import
    ???
<frozen importlib._bootstrap>:1360: in _find_and_load
    ???
<frozen importlib._bootstrap>:1331: in _find_and_load_unlocked
    ???
<frozen importlib._bootstrap>:935: in _load_unlocked
    ???
../../.venv/lib/python3.13/site-packages/_pytest/assertion/rewrite.py:176: in exec_module
    source_stat, co = _rewrite_test(fn, self.config)
../../.venv/lib/python3.13/site-packages/_pytest/assertion/rewrite.py:356: in _rewrite_test
    tree = ast.parse(source, filename=strfn)
/opt/homebrew/Cellar/python@3.13/3.13.5/Frameworks/Python.framework/Versions/3.13/lib/python3.13/ast.py:50: in parse
    return compile(source, filename, mode, flags,
E     File "/Users/yifeitao/Desktop/pdd/examples/generate_test_z3_demo/tests/test_after.py", line 19
E       from token_bucket_after import TokenBucket  # noqa: E402
E       ^^^^
E   IndentationError: expected an indented block after 'if' statement on line 17
=========================== short test summary info ============================
ERROR tests/test_after.py
!!!!!!!!!!!!!!!!!!!! Interrupted: 1 error during collection !!!!!!!!!!!!!!!!!!!!
=============================== 1 error in 0.12s ===============================
