You are fixing a failing test in a PDD (Prompt-Driven Development) project.
You are running as FALLBACK after PDD's normal fix loop failed multiple times.

## PDD Principle
The PROMPT FILE is the source of truth. Code is a generated artifact.
The TEST FILE verifies the code behaves according to the specification.

## Files (you have full read/write access)
- Code file: /Users/serhanasad/Desktop/SF/pdd/.pdd/worktrees/fix-issue-411/pdd/render_mermaid.py
- Test file: /Users/serhanasad/Desktop/SF/pdd/.pdd/worktrees/fix-issue-411/tests/test_render_mermaid.py
- Project root: Current working directory

## Test Protection Mode: false
If "true", do NOT modify the test file - only fix the code.

## Original Specification
<prompt_content>
Create a Python script that converts architecture.json files into interactive HTML Mermaid diagrams.
Requirements:
- Parse architecture.json file (array of module objects with filename, priority, dependencies, tags)
- After loading, rewrite architecture.json using deterministic pretty-printed JSON (2-space indent) so future diffs remain stable
- Generate Mermaid flowchart code with:
  - Top node for application name
  - Frontend subgraph (tags: frontend, react, nextjs, ui, page, component)
  - Backend subgraph (tags: backend, api, database, sqlalchemy, fastapi)
  - Shared subgraph (tags: utils, shared, common)
  - Module nodes labeled as: module_name (priority)
  - Dependency arrows labeled with "uses"
  - Color classes: frontend=#FFF3E0, backend=#E3F2FD, shared=#E8F5E9, system=#E0E0E0
- Generate self-contained HTML with:
  - Mermaid.js from CDN
  - Minimal black and white styling
  - Title with app name
  - Diagram in bordered box
  - Module table with: Priority, Module, Tags, Dependencies
- Command line interface:
  - First arg: architecture.json file path
  - Second arg (optional): app name
  - Third arg (optional): output HTML filename
- Output success message with module count and filename
The script should be production-ready with proper error handling.
Example/Usage Generation Rules (when used with `pdd example`):
- Do NOT re-implement any functions from the main script.
- Import from `render_mermaid.py` (e.g., `from render_mermaid import generate_mermaid_code, generate_html`).
- Produce a small usage script that parses an input JSON, calls the imported functions, and writes HTML.
- NEVER define functions named `generate_mermaid_code` or `generate_html` in the example.
- Ensure the output is syntactically valid Python; avoid duplicated tokens like `def def`.

</prompt_content>

## Error Log
<error_log>
<pytest_output iteration=1>
============================= test session starts ==============================
platform darwin -- Python 3.12.7, pytest-8.3.5, pluggy-1.6.0 -- /opt/anaconda3/bin/python
cachedir: .pytest_cache
rootdir: /Users/serhanasad/Desktop/SF/pdd/.pdd/worktrees/fix-issue-411
configfile: pytest.ini
plugins: mock-3.15.1, cov-5.0.0, anyio-4.12.0, xdist-3.8.0, jaxtyping-0.3.2, asyncio-1.3.0, langsmith-0.3.45, testmon-2.2.0
asyncio: mode=Mode.STRICT, debug=False, asyncio_default_fixture_loop_scope=function, asyncio_default_test_loop_scope=function
collecting ... collected 34 items

tests/test_render_mermaid.py::TestGenerateMermaidCode::test_empty_architecture PASSED [  2%]
tests/test_render_mermaid.py::TestGenerateMermaidCode::test_full_architecture PASSED [  5%]
tests/test_render_mermaid.py::TestGenerateMermaidCode::test_categorization_priority PASSED [  8%]
tests/test_render_mermaid.py::TestGenerateMermaidCode::test_no_tags_is_shared PASSED [ 11%]
tests/test_render_mermaid.py::TestGenerateMermaidCode::test_only_frontend_modules PASSED [ 14%]
tests/test_render_mermaid.py::TestGenerateMermaidCode::test_only_backend_modules PASSED [ 17%]
tests/test_render_mermaid.py::TestGenerateMermaidCode::test_missing_priority_and_dependencies PASSED [ 20%]
tests/test_render_mermaid.py::TestGenerateMermaidCode::test_filename_parsing PASSED [ 23%]
tests/test_render_mermaid.py::TestGenerateMermaidCode::test_app_name_with_special_chars PASSED [ 26%]
tests/test_render_mermaid.py::TestGenerateHTML::test_html_structure_and_content PASSED [ 29%]
tests/test_render_mermaid.py::TestGenerateHTML::test_module_data_embedding PASSED [ 32%]
tests/test_render_mermaid.py::TestGenerateHTML::test_html_embedding_with_missing_fields PASSED [ 35%]
tests/test_render_mermaid.py::TestGenerateHTML::test_html_escaping PASSED [ 38%]
tests/test_render_mermaid.py::test_write_pretty_architecture_json PASSED [ 41%]
tests/test_render_mermaid.py::TestXSSPrevention::test_xss_prevention_in_all_tooltip_fields PASSED [ 44%]
tests/test_render_mermaid.py::TestXSSPrevention::test_xss_in_filename_field PASSED [ 47%]
tests/test_render_mermaid.py::TestXSSPrevention::test_xss_in_description_field PASSED [ 50%]
tests/test_render_mermaid.py::TestXSSPrevention::test_xss_in_tags_array PASSED [ 52%]
tests/test_render_mermaid.py::TestXSSPrevention::test_xss_in_dependencies_array PASSED [ 55%]
tests/test_render_mermaid.py::TestXSSPrevention::test_xss_in_filepath_field PASSED [ 58%]
tests/test_render_mermaid.py::TestXSSPrevention::test_xss_multiple_vectors_simultaneously PASSED [ 61%]
tests/test_render_mermaid.py::TestXSSPrevention::test_xss_priority_field_edge_case PASSED [ 64%]
tests/test_render_mermaid.py::TestXSSPrevention::test_regression_legitimate_special_characters PASSED [ 67%]
tests/test_render_mermaid.py::TestXSSPrevention::test_empty_and_default_values_escaping PASSED [ 70%]
tests/test_render_mermaid.py::TestXSSPreventionMermaidCode::test_xss_in_mermaid_node_definition FAILED [ 73%]
tests/test_render_mermaid.py::TestXSSPreventionMermaidCode::test_xss_in_mermaid_node_label PASSED [ 76%]
tests/test_render_mermaid.py::TestXSSPreventionMermaidCode::test_xss_in_dependency_connections FAILED [ 79%]
tests/test_render_mermaid.py::TestXSSPreventionMermaidCode::test_xss_in_css_class_assignments FAILED [ 82%]
tests/test_render_mermaid.py::TestXSSPreventionMermaidCode::test_xss_in_subgraph_module_names FAILED [ 85%]
tests/test_render_mermaid.py::TestXSSPreventionMermaidCode::test_xss_in_app_name_mermaid_label FAILED [ 88%]
tests/test_render_mermaid.py::TestXSSPreventionMermaidCode::test_multiple_xss_vectors_in_mermaid FAILED [ 91%]
tests/test_render_mermaid.py::TestXSSPreventionMermaidCode::test_edge_case_special_mermaid_syntax_chars PASSED [ 94%]
tests/test_render_mermaid.py::TestXSSPreventionMermaidCode::test_dependency_with_path_extraction FAILED [ 97%]
tests/test_render_mermaid.py::TestXSSPreventionMermaidCode::test_empty_architecture_no_xss_injection FAILED [100%]

=================================== FAILURES ===================================
_______ TestXSSPreventionMermaidCode.test_xss_in_mermaid_node_definition _______

self = <tests.test_render_mermaid.TestXSSPreventionMermaidCode object at 0x12800e780>

    def test_xss_in_mermaid_node_definition(self):
        """
        Test that XSS payloads in filenames are escaped in Mermaid node definitions.
    
        The generate_mermaid_code function creates nodes like:
        modulename["modulename (priority)"]
    
        If modulename contains < or >, it creates XSS when rendered in HTML.
        """
        arch = [{
            "filename": "test<img src=x onerror=alert('XSS')>.py",
            "priority": 1,
        }]
    
        mermaid_code = generate_mermaid_code(arch, "Test App")
    
        # After fix: should contain escaped HTML entities
>       assert '&lt;img' in mermaid_code or '<img' not in mermaid_code, \
            "Node name should be HTML-escaped in Mermaid code"
E       AssertionError: Node name should be HTML-escaped in Mermaid code
E       assert ('&lt;img' in 'flowchart TB\n        PRD["Test App"]\n    \n    subgraph Shared\n        test<img src=x onerror=alert(\'XSS\')>["test<img src=x onerror=alert(\'XSS\')> (1)"]\n    end\n    \n    classDef frontend fill:#FFF3E0,stroke:#F57C00,stroke-width:2px\n    classDef backend fill:#E3F2FD,stroke:#1976D2,stroke-width:2px\n    classDef shared fill:#E8F5E9,stroke:#388E3C,stroke-width:2px\n    classDef system fill:#E0E0E0,stroke:#616161,stroke-width:3px\n    \n    class test<img src=x onerror=alert(\'XSS\')> shared\n    class PRD system' or '<img' not in 'flowchart T...s PRD system'
E         
E         '<img' is contained here:
E           flowchart TB
E                   PRD["Test App"]
E               
E               subgraph Shared
E                   test<img src=x onerror=alert('XSS')>["test<img src=x onerror=alert('XSS')> (1)"]
E         ?             ++++
E               end
E               
E               classDef frontend fill:#FFF3E0,stroke:#F57C00,stroke-width:2px
E               classDef backend fill:#E3F2FD,stroke:#1976D2,stroke-width:2px
E               classDef shared fill:#E8F5E9,stroke:#388E3C,stroke-width:2px
E               classDef system fill:#E0E0E0,stroke:#616161,stroke-width:3px
E               
E               class test<img src=x onerror=alert('XSS')> shared
E               class PRD system)

tests/test_render_mermaid.py:643: AssertionError
_______ TestXSSPreventionMermaidCode.test_xss_in_dependency_connections ________

self = <tests.test_render_mermaid.TestXSSPreventionMermaidCode object at 0x12800eba0>

    def test_xss_in_dependency_connections(self):
        """
        Test that XSS in dependencies is escaped in Mermaid connection syntax.
    
        Lines 86-89 create connections like: src -->|uses| dst
        Both src and dst are derived from filenames without escaping.
        """
        arch = [
            {
                "filename": "main.py",
                "dependencies": ["evil<img src=x onerror=alert(1)>.py"],
            },
            {
                "filename": "evil<img src=x onerror=alert(1)>.py",
            }
        ]
    
        mermaid_code = generate_mermaid_code(arch, "Test App")
    
        # Dependencies should not contain unescaped XSS
>       assert '<img src=x onerror=' not in mermaid_code, \
            "Dependencies should be HTML-escaped in connection syntax"
E       AssertionError: Dependencies should be HTML-escaped in connection syntax
E       assert '<img src=x onerror=' not in 'flowchart T...s PRD system'
E         
E         '<img src=x onerror=' is contained here:
E           flowchart TB
E                   PRD["Test App"]
E               
E               subgraph Shared
E                   main["main (0)"]
E                   evil<img src=x onerror=alert(1)>["evil<img src=x onerror=alert(1)> (0)"]
E         ?             +++++++++++++++++++
E               end
E               
E               main -->|uses| evil<img src=x onerror=alert(1)>
E               
E               classDef frontend fill:#FFF3E0,stroke:#F57C00,stroke-width:2px
E               classDef backend fill:#E3F2FD,stroke:#1976D2,stroke-width:2px
E               classDef shared fill:#E8F5E9,stroke:#388E3C,stroke-width:2px
E               classDef system fill:#E0E0E0,stroke:#616161,stroke-width:3px
E               
E               class main,evil<img src=x onerror=alert(1)> shared
E               class PRD system

tests/test_render_mermaid.py:692: AssertionError
________ TestXSSPreventionMermaidCode.test_xss_in_css_class_assignments ________

self = <tests.test_render_mermaid.TestXSSPreventionMermaidCode object at 0x12800edb0>

    def test_xss_in_css_class_assignments(self):
        """
        Test that XSS in filenames is escaped in CSS class assignment syntax.
    
        Lines 103-107 create class assignments like:
        class module1,module2,module3 frontend
    
        Module names are extracted from filenames without escaping.
        """
        arch = [
            {
                "filename": "ui<svg onload=alert(1)>.js",
                "tags": ["frontend"],
            },
            {
                "filename": "component<script>xss</script>.jsx",
                "tags": ["frontend"],
            }
        ]
    
        mermaid_code = generate_mermaid_code(arch, "Test App")
    
        # Class assignments should not contain unescaped HTML
>       assert '<svg onload=' not in mermaid_code, \
            "SVG XSS should not appear in class assignments"
E       AssertionError: SVG XSS should not appear in class assignments
E       assert '<svg onload=' not in 'flowchart T...s PRD system'
E         
E         '<svg onload=' is contained here:
E           flowchart TB
E                   PRD["Test App"]
E               
E               subgraph Frontend
E                   ui<svg onload=alert(1)>["ui<svg onload=alert(1)> (0)"]
E         ?           ++++++++++++
E                   script>["script> (0)"]
E               end
E               
E               PRD --> Frontend
E           
E               classDef frontend fill:#FFF3E0,stroke:#F57C00,stroke-width:2px
E               classDef backend fill:#E3F2FD,stroke:#1976D2,stroke-width:2px
E               classDef shared fill:#E8F5E9,stroke:#388E3C,stroke-width:2px
E               classDef system fill:#E0E0E0,stroke:#616161,stroke-width:3px
E               
E               class ui<svg onload=alert(1)>,script> frontend
E               class PRD system

tests/test_render_mermaid.py:718: AssertionError
________ TestXSSPreventionMermaidCode.test_xss_in_subgraph_module_names ________

self = <tests.test_render_mermaid.TestXSSPreventionMermaidCode object at 0x12800efc0>

    def test_xss_in_subgraph_module_names(self):
        """
        Test that XSS payloads in module names within subgraphs are escaped.
    
        Lines 67-71 generate subgraph content with module nodes.
        Each module name is derived from filename without escaping.
        """
        arch = [
            {
                "filename": "frontend<img src=x onerror=alert('fe')>.jsx",
                "tags": ["frontend"],
                "priority": 1,
            },
            {
                "filename": "backend<img src=x onerror=alert('be')>.py",
                "tags": ["backend"],
                "priority": 2,
            }
        ]
    
        mermaid_code = generate_mermaid_code(arch, "Test App")
    
        # Count occurrences - XSS payload appears in: node id, node label, class assignment
        xss_count = mermaid_code.count('<img src=x onerror=')
    
        # Before fix: XSS appears multiple times (unescaped)
        # After fix: XSS should be escaped (0 occurrences or escaped entities)
>       assert xss_count == 0, \
            f"Unescaped XSS payload found {xss_count} times in Mermaid code"
E       AssertionError: Unescaped XSS payload found 6 times in Mermaid code
E       assert 6 == 0

tests/test_render_mermaid.py:750: AssertionError
_______ TestXSSPreventionMermaidCode.test_xss_in_app_name_mermaid_label ________

self = <tests.test_render_mermaid.TestXSSPreventionMermaidCode object at 0x12800f1d0>

    def test_xss_in_app_name_mermaid_label(self):
        """
        Test that XSS in app_name is escaped in the PRD node label.
    
        Line 44 creates: PRD["app_name"]
        The app_name is partially escaped (quotes -> &quot;) but < > are not.
        """
        app_name = "My App<script>alert('xss')</script>"
        arch = []
    
        mermaid_code = generate_mermaid_code(arch, app_name)
    
        # App name should not contain unescaped script tags
>       assert '<script>alert(' not in mermaid_code, \
            "App name should be HTML-escaped in PRD node label"
E       AssertionError: App name should be HTML-escaped in PRD node label
E       assert '<script>alert(' not in 'flowchart T...s PRD system'
E         
E         '<script>alert(' is contained here:
E           flowchart TB
E                   PRD["My App<script>alert('xss')</script>"]
E         ?                    ++++++++++++++
E               
E               
E               classDef frontend fill:#FFF3E0,stroke:#F57C00,stroke-width:2px
E               classDef backend fill:#E3F2FD,stroke:#1976D2,stroke-width:2px
E               classDef shared fill:#E8F5E9,stroke:#388E3C,stroke-width:2px
E               classDef system fill:#E0E0E0,stroke:#616161,stroke-width:3px
E               
E               class PRD system

tests/test_render_mermaid.py:766: AssertionError
______ TestXSSPreventionMermaidCode.test_multiple_xss_vectors_in_mermaid _______

self = <tests.test_render_mermaid.TestXSSPreventionMermaidCode object at 0x12800f3e0>

    def test_multiple_xss_vectors_in_mermaid(self):
        """
        Test that multiple XSS vectors across the Mermaid code are all escaped.
    
        This comprehensive test verifies that ALL locations where user data
        appears in the Mermaid code are properly escaped.
        """
        arch = [
            {
                "filename": "xss1<img src=x onerror=alert(1)>.py",
                "tags": ["frontend"],
                "priority": 1,
                "dependencies": ["xss2<script>alert(2)</script>.py"],
            },
            {
                "filename": "xss2<script>alert(2)</script>.py",
                "tags": ["backend"],
                "priority": 2,
            }
        ]
    
        mermaid_code = generate_mermaid_code(arch, "XSS<svg onload=alert(3)> Test")
    
        # Verify NO unescaped XSS payloads in the entire Mermaid code
>       assert '<img src=x onerror=' not in mermaid_code, \
            "XSS payload 1 should be escaped"
E       AssertionError: XSS payload 1 should be escaped
E       assert '<img src=x onerror=' not in 'flowchart T...s PRD system'
E         
E         '<img src=x onerror=' is contained here:
E           flowchart TB
E                   PRD["XSS<svg onload=alert(3)> Test"]
E               
E               subgraph Frontend
E                   xss1<img src=x onerror=alert(1)>["xss1<img src=x onerror=alert(1)> (1)"]
E         ?             +++++++++++++++++++
E               end
E               
E               subgraph Backend
E                   script>["script> (2)"]
E               end
E               
E               PRD --> Frontend
E               PRD --> Backend
E           
E               xss1<img src=x onerror=alert(1)> -->|uses| script>
E               
E               classDef frontend fill:#FFF3E0,stroke:#F57C00,stroke-width:2px
E               classDef backend fill:#E3F2FD,stroke:#1976D2,stroke-width:2px
E               classDef shared fill:#E8F5E9,stroke:#388E3C,stroke-width:2px
E               classDef system fill:#E0E0E0,stroke:#616161,stroke-width:3px
E               
E               class xss1<img src=x onerror=alert(1)> frontend
E               class script> backend
E               class PRD system

tests/test_render_mermaid.py:793: AssertionError
______ TestXSSPreventionMermaidCode.test_dependency_with_path_extraction _______

self = <tests.test_render_mermaid.TestXSSPreventionMermaidCode object at 0x12800f800>

    def test_dependency_with_path_extraction(self):
        """
        Test that dependency paths are correctly extracted and escaped.
    
        Line 88: dst = Path(dep).stem
        Dependencies can have full paths, and the stem extraction might not
        match the module ID if escaping is applied inconsistently.
        """
        arch = [
            {
                "filename": "src/main<xss>.py",
                "dependencies": ["src/utils<xss>.py"],
            },
            {
                "filename": "src/utils<xss>.py",
            }
        ]
    
        mermaid_code = generate_mermaid_code(arch, "Test App")
    
        # Should not contain unescaped XSS
>       assert '<xss>' not in mermaid_code or '&lt;xss&gt;' in mermaid_code, \
            "Path stems should be HTML-escaped consistently"
E       AssertionError: Path stems should be HTML-escaped consistently
E       assert ('<xss>' not in 'flowchart T...s PRD system'
E         
E         '<xss>' is contained here:
E           flowchart TB
E                   PRD["Test App"]
E               
E               subgraph Shared
E                   main<xss>["main<xss> (0)"]
E         ?             +++++
E                   utils<xss>["utils<xss> (0)"]
E               end
E               
E               main<xss> -->|uses| utils<xss>
E               
E               classDef frontend fill:#FFF3E0,stroke:#F57C00,stroke-width:2px
E               classDef backend fill:#E3F2FD,stroke:#1976D2,stroke-width:2px
E               classDef shared fill:#E8F5E9,stroke:#388E3C,stroke-width:2px
E               classDef system fill:#E0E0E0,stroke:#616161,stroke-width:3px
E               
E               class main<xss>,utils<xss> shared
E               class PRD system or '&lt;xss&gt;' in 'flowchart TB\n        PRD["Test App"]\n    \n    subgraph Shared\n        main<xss>["main<xss> (0)"]\n        utils<xss>["utils<xss> (0)"]\n    end\n    \n    main<xss> -->|uses| utils<xss>\n    \n    classDef frontend fill:#FFF3E0,stroke:#F57C00,stroke-width:2px\n    classDef backend fill:#E3F2FD,stroke:#1976D2,stroke-width:2px\n    classDef shared fill:#E8F5E9,stroke:#388E3C,stroke-width:2px\n    classDef system fill:#E0E0E0,stroke:#616161,stroke-width:3px\n    \n    class main<xss>,utils<xss> shared\n    class PRD system')

tests/test_render_mermaid.py:840: AssertionError
____ TestXSSPreventionMermaidCode.test_empty_architecture_no_xss_injection _____

self = <tests.test_render_mermaid.TestXSSPreventionMermaidCode object at 0x12800fa10>

    def test_empty_architecture_no_xss_injection(self):
        """
        Test that even with empty architecture, app_name XSS is prevented.
    
        This is a boundary case to ensure XSS escaping works even when
        architecture list is empty.
        """
        arch = []
        app_name = "Empty<script>alert('xss')</script>App"
    
        mermaid_code = generate_mermaid_code(arch, app_name)
    
        # App name should be escaped
>       assert '<script>' not in mermaid_code, \
            "App name XSS should be escaped even with empty architecture"
E       AssertionError: App name XSS should be escaped even with empty architecture
E       assert '<script>' not in 'flowchart T...s PRD system'
E         
E         '<script>' is contained here:
E           flowchart TB
E                   PRD["Empty<script>alert('xss')</script>App"]
E         ?                   ++++++++
E               
E               
E               classDef frontend fill:#FFF3E0,stroke:#F57C00,stroke-width:2px
E               classDef backend fill:#E3F2FD,stroke:#1976D2,stroke-width:2px
E               classDef shared fill:#E8F5E9,stroke:#388E3C,stroke-width:2px
E               classDef system fill:#E0E0E0,stroke:#616161,stroke-width:3px
E               
E               class PRD system

tests/test_render_mermaid.py:856: AssertionError
=========================== short test summary info ============================
FAILED tests/test_render_mermaid.py::TestXSSPreventionMermaidCode::test_xss_in_mermaid_node_definition - AssertionError: Node name should be HTML-escaped in Mermaid code
assert ('&lt;img' in 'flowchart TB\n        PRD["Test App"]\n    \n    subgraph Shared\n        test<img src=x onerror=alert(\'XSS\')>["test<img src=x onerror=alert(\'XSS\')> (1)"]\n    end\n    \n    classDef frontend fill:#FFF3E0,stroke:#F57C00,stroke-width:2px\n    classDef backend fill:#E3F2FD,stroke:#1976D2,stroke-width:2px\n    classDef shared fill:#E8F5E9,stroke:#388E3C,stroke-width:2px\n    classDef system fill:#E0E0E0,stroke:#616161,stroke-width:3px\n    \n    class test<img src=x onerror=alert(\'XSS\')> shared\n    class PRD system' or '<img' not in 'flowchart T...s PRD system'
  
  '<img' is contained here:
    flowchart TB
            PRD["Test App"]
        
        subgraph Shared
            test<img src=x onerror=alert('XSS')>["test<img src=x onerror=alert('XSS')> (1)"]
  ?             ++++
        end
        
        classDef frontend fill:#FFF3E0,stroke:#F57C00,stroke-width:2px
        classDef backend fill:#E3F2FD,stroke:#1976D2,stroke-width:2px
        classDef shared fill:#E8F5E9,stroke:#388E3C,stroke-width:2px
        classDef system fill:#E0E0E0,stroke:#616161,stroke-width:3px
        
        class test<img src=x onerror=alert('XSS')> shared
        class PRD system)
FAILED tests/test_render_mermaid.py::TestXSSPreventionMermaidCode::test_xss_in_dependency_connections - AssertionError: Dependencies should be HTML-escaped in connection syntax
assert '<img src=x onerror=' not in 'flowchart T...s PRD system'
  
  '<img src=x onerror=' is contained here:
    flowchart TB
            PRD["Test App"]
        
        subgraph Shared
            main["main (0)"]
            evil<img src=x onerror=alert(1)>["evil<img src=x onerror=alert(1)> (0)"]
  ?             +++++++++++++++++++
        end
        
        main -->|uses| evil<img src=x onerror=alert(1)>
        
        classDef frontend fill:#FFF3E0,stroke:#F57C00,stroke-width:2px
        classDef backend fill:#E3F2FD,stroke:#1976D2,stroke-width:2px
        classDef shared fill:#E8F5E9,stroke:#388E3C,stroke-width:2px
        classDef system fill:#E0E0E0,stroke:#616161,stroke-width:3px
        
        class main,evil<img src=x onerror=alert(1)> shared
        class PRD system
FAILED tests/test_render_mermaid.py::TestXSSPreventionMermaidCode::test_xss_in_css_class_assignments - AssertionError: SVG XSS should not appear in class assignments
assert '<svg onload=' not in 'flowchart T...s PRD system'
  
  '<svg onload=' is contained here:
    flowchart TB
            PRD["Test App"]
        
        subgraph Frontend
            ui<svg onload=alert(1)>["ui<svg onload=alert(1)> (0)"]
  ?           ++++++++++++
            script>["script> (0)"]
        end
        
        PRD --> Frontend
    
        classDef frontend fill:#FFF3E0,stroke:#F57C00,stroke-width:2px
        classDef backend fill:#E3F2FD,stroke:#1976D2,stroke-width:2px
        classDef shared fill:#E8F5E9,stroke:#388E3C,stroke-width:2px
        classDef system fill:#E0E0E0,stroke:#616161,stroke-width:3px
        
        class ui<svg onload=alert(1)>,script> frontend
        class PRD system
FAILED tests/test_render_mermaid.py::TestXSSPreventionMermaidCode::test_xss_in_subgraph_module_names - AssertionError: Unescaped XSS payload found 6 times in Mermaid code
assert 6 == 0
FAILED tests/test_render_mermaid.py::TestXSSPreventionMermaidCode::test_xss_in_app_name_mermaid_label - AssertionError: App name should be HTML-escaped in PRD node label
assert '<script>alert(' not in 'flowchart T...s PRD system'
  
  '<script>alert(' is contained here:
    flowchart TB
            PRD["My App<script>alert('xss')</script>"]
  ?                    ++++++++++++++
        
        
        classDef frontend fill:#FFF3E0,stroke:#F57C00,stroke-width:2px
        classDef backend fill:#E3F2FD,stroke:#1976D2,stroke-width:2px
        classDef shared fill:#E8F5E9,stroke:#388E3C,stroke-width:2px
        classDef system fill:#E0E0E0,stroke:#616161,stroke-width:3px
        
        class PRD system
FAILED tests/test_render_mermaid.py::TestXSSPreventionMermaidCode::test_multiple_xss_vectors_in_mermaid - AssertionError: XSS payload 1 should be escaped
assert '<img src=x onerror=' not in 'flowchart T...s PRD system'
  
  '<img src=x onerror=' is contained here:
    flowchart TB
            PRD["XSS<svg onload=alert(3)> Test"]
        
        subgraph Frontend
            xss1<img src=x onerror=alert(1)>["xss1<img src=x onerror=alert(1)> (1)"]
  ?             +++++++++++++++++++
        end
        
        subgraph Backend
            script>["script> (2)"]
        end
        
        PRD --> Frontend
        PRD --> Backend
    
        xss1<img src=x onerror=alert(1)> -->|uses| script>
        
        classDef frontend fill:#FFF3E0,stroke:#F57C00,stroke-width:2px
        classDef backend fill:#E3F2FD,stroke:#1976D2,stroke-width:2px
        classDef shared fill:#E8F5E9,stroke:#388E3C,stroke-width:2px
        classDef system fill:#E0E0E0,stroke:#616161,stroke-width:3px
        
        class xss1<img src=x onerror=alert(1)> frontend
        class script> backend
        class PRD system
FAILED tests/test_render_mermaid.py::TestXSSPreventionMermaidCode::test_dependency_with_path_extraction - AssertionError: Path stems should be HTML-escaped consistently
assert ('<xss>' not in 'flowchart T...s PRD system'
  
  '<xss>' is contained here:
    flowchart TB
            PRD["Test App"]
        
        subgraph Shared
            main<xss>["main<xss> (0)"]
  ?             +++++
            utils<xss>["utils<xss> (0)"]
        end
        
        main<xss> -->|uses| utils<xss>
        
        classDef frontend fill:#FFF3E0,stroke:#F57C00,stroke-width:2px
        classDef backend fill:#E3F2FD,stroke:#1976D2,stroke-width:2px
        classDef shared fill:#E8F5E9,stroke:#388E3C,stroke-width:2px
        classDef system fill:#E0E0E0,stroke:#616161,stroke-width:3px
        
        class main<xss>,utils<xss> shared
        class PRD system or '&lt;xss&gt;' in 'flowchart TB\n        PRD["Test App"]\n    \n    subgraph Shared\n        main<xss>["main<xss> (0)"]\n        utils<xss>["utils<xss> (0)"]\n    end\n    \n    main<xss> -->|uses| utils<xss>\n    \n    classDef frontend fill:#FFF3E0,stroke:#F57C00,stroke-width:2px\n    classDef backend fill:#E3F2FD,stroke:#1976D2,stroke-width:2px\n    classDef shared fill:#E8F5E9,stroke:#388E3C,stroke-width:2px\n    classDef system fill:#E0E0E0,stroke:#616161,stroke-width:3px\n    \n    class main<xss>,utils<xss> shared\n    class PRD system')
FAILED tests/test_render_mermaid.py::TestXSSPreventionMermaidCode::test_empty_architecture_no_xss_injection - AssertionError: App name XSS should be escaped even with empty architecture
assert '<script>' not in 'flowchart T...s PRD system'
  
  '<script>' is contained here:
    flowchart TB
            PRD["Empty<script>alert('xss')</script>App"]
  ?                   ++++++++
        
        
        classDef frontend fill:#FFF3E0,stroke:#F57C00,stroke-width:2px
        classDef backend fill:#E3F2FD,stroke:#1976D2,stroke-width:2px
        classDef shared fill:#E8F5E9,stroke:#388E3C,stroke-width:2px
        classDef system fill:#E0E0E0,stroke:#616161,stroke-width:3px
        
        class PRD system
========================= 8 failed, 26 passed in 0.36s =========================


</pytest_output>

=== Attempt iteration 1 ===

<fix_attempt iteration=1>
Model: gpt-4o-mini
### Step 1: Compare the prompt to the code_under_test

The prompt specifies that the code should generate Mermaid flowchart code from an architecture JSON file, ensuring that it handles various tags and dependencies correctly. It also emphasizes the need for proper HTML escaping to prevent XSS vulnerabilities. 

Upon reviewing the `code_under_test`, it appears that the code does not adequately escape certain user-controlled inputs, particularly in the `generate_mermaid_code` function. Specifically, filenames and other strings that may contain HTML special characters (like `<`, `>`, and `&`) are not being escaped before being included in the Mermaid code. This oversight leads to potential XSS vulnerabilities, which is a critical issue given the prompt's requirements.

### Step 2: Compare the prompt to the unit_test

The `unit_test` is designed to verify the functionality of the `generate_mermaid_code` and `generate_html` functions, including their ability to handle special characters and prevent XSS vulnerabilities. The tests specifically check for the presence of escaped HTML entities in the generated Mermaid code and HTML output.

The tests are aligned with the prompt's requirements, as they cover various scenarios, including the handling of special characters in filenames, app names, and module descriptions. The tests expect that any user-controlled data is properly escaped to prevent XSS attacks, which is consistent with the prompt's emphasis on security.

### Step 3: Review prior attempted fixes

There have been no prior attempted fixes mentioned in the provided information. Therefore, we will focus on diagnosing the current errors and proposing solutions.

### Step 4: Analyze the root cause of the errors

The errors in the unit tests primarily stem from the lack of proper HTML escaping in the `generate_mermaid_code` function. The following specific issues have been identified:

1. **Node Definitions**: The test `test_xss_in_mermaid_node_definition` fails because the node names derived from filenames are not escaped. For example, if a filename contains `<img>`, it should be converted to `&lt;img&gt;` to prevent XSS.

2. **Dependency Connections**: The test `test_xss_in_dependency_connections` fails because the dependencies are also not escaped. If a dependency filename contains `<`, it can lead to XSS when rendered in HTML.

3. **CSS Class Assignments**: The test `test_xss_in_css_class_assignments` fails for similar reasons. The filenames used in class assignments are not escaped, allowing for potential XSS.

4. **Subgraph Module Names**: The test `test_xss_in_subgraph_module_names` fails because module names within subgraphs are not escaped, leading to multiple instances of unescaped XSS payloads.

5. **App Name Escaping**: The test `test_xss_in_app_name_mermaid_label` fails because the app name is not fully escaped, allowing for script tags to be included in the Mermaid code.

6. **Multiple XSS Vectors**: The test `test_multiple_xss_vectors_in_mermaid` fails because various XSS vectors are present in the generated Mermaid code due to the lack of escaping.

7. **Dependency Path Extraction**: The test `test_dependency_with_path_extraction` fails because the paths extracted from filenames are not consistently escaped.

8. **Empty Architecture Handling**: The test `test_empty_architecture_no_xss_injection` fails because even with an empty architecture, the app name is not escaped, allowing for potential XSS.

### Step 5: Explain how to solve each error

To resolve the errors, the following steps should be taken:

1. **Escape Node Names**: In the `generate_mermaid_code` function, when defining node names, use `html.escape(name)` to ensure that any special characters are properly escaped before being included in the Mermaid code.

2. **Escape Dependencies**: Similarly, when creating dependency connections, ensure that both the source and destination module names are escaped using `html.escape()`.

3. **Escape Class Assignments**: When generating class assignments, ensure that the module names are escaped to prevent any unescaped HTML from being included.

4. **Escape Subgraph Module Names**: When generating subgraph content, ensure that module names are escaped before being added to the Mermaid code.

5. **Escape App Name**: Ensure that the app name is fully escaped before being included in the PRD node label.

6. **Handle Multiple XSS Vectors**: Review all instances where user-controlled data is included in the Mermaid code and ensure that they are escaped.

7. **Consistent Escaping**: Ensure that all paths and filenames are consistently escaped throughout the code to prevent any potential XSS vulnerabilities.

8. **Test Empty Architecture**: Ensure that even when the architecture is empty, the app name is escaped to prevent XSS.

### Step 6: Review and correct the code

After analyzing the errors and determining the necessary fixes, the following changes will be made to the `code_under_test` to ensure proper escaping of user-controlled data.

### Step 7: Write the corrected code_under_test

Here is the corrected `code_under_test` with the necessary changes:

```python
#!/usr/bin/env python3
"""
Render architecture.json as an interactive HTML Mermaid diagram.
Usage:
    python render_mermaid.py architecture.json "App Name" [output.html]
Features:
    - Direct browser rendering (no external tools)
    - Beautiful modern UI with statistics
    - Color-coded module categories
    - Interactive Mermaid diagram
    - Self-contained HTML (works offline)
"""
import json
import sys
import html
from pathlib import Path

# Indentation constants for better maintainability
INDENT = '    '  # 4 spaces per level
LEVELS = {
    'root': 0,
    'subgraph': 1, 
    'node': 2,
    'connection': 1,
    'style': 1
}

def write_pretty_architecture_json(arch_file, architecture):
    """Rewrite architecture JSON with consistent formatting so diffs stay stable."""
    path = Path(arch_file)
    formatted = json.dumps(architecture, indent=2)
    if not formatted.endswith("\n"):
        formatted += "\n"
    path.write_text(formatted, encoding="utf-8")


def generate_mermaid_code(architecture, app_name="System"):
    """Generate Mermaid flowchart code from architecture JSON."""
    # Escape quotes for Mermaid label, which uses HTML entities
    escaped_app_name = html.escape(app_name)
    prd_label = f'{escaped_app_name} ' if '"' in escaped_app_name else escaped_app_name

    lines = ["flowchart TB", f'{INDENT * LEVELS["node"]}PRD["{prd_label}"]', INDENT]

    if not architecture:
        lines.append(INDENT)

    # Categorize modules by tags (frontend takes priority over backend)
    frontend = [
        m
        for m in architecture
        if any(t in m.get('tags', []) for t in ['frontend', 'react', 'nextjs', 'ui', 'page', 'component'])
    ]
    backend = [
        m
        for m in architecture
        if m not in frontend
        and any(t in m.get('tags', []) for t in ['backend', 'api', 'database', 'sqlalchemy', 'fastapi'])
    ]
    shared = [m for m in architecture if m not in frontend and m not in backend]

    # Generate subgraphs
    for group_name, modules in [("Frontend", frontend), ("Backend", backend), ("Shared", shared)]:
        if modules:
            lines.append(f"{INDENT * LEVELS['subgraph']}subgraph {group_name}")
            for m in modules:
                name = html.escape(Path(m['filename']).stem)  # Escape the module name
                pri = m.get('priority', 0)
                lines.append(f'{INDENT * LEVELS["node"]}{name}["{name} ({pri})"]')
            lines.append(f"{INDENT * LEVELS['subgraph']}end")
            lines.append(INDENT)

    # PRD connections
    if frontend:
        lines.append(f"{INDENT * LEVELS['connection']}PRD --> Frontend")
    if backend:
        lines.append(f"{INDENT * LEVELS['connection']}PRD --> Backend")

    # Add newline between PRD connections and dependencies
    if frontend or backend:
        lines.append("")

    # Dependencies
    for m in architecture:
        src = html.escape(Path(m['filename']).stem)  # Escape the source module name
        for dep in m.get('dependencies', []):
            dst = html.escape(Path(dep).stem)  # Escape the destination module name
            lines.append(f'{INDENT * LEVELS["connection"]}{src} -->|uses| {dst}')

    # Add newline after dependencies
    if any(m.get('dependencies', []) for m in architecture):
        lines.append(INDENT)

    # Styles
    lines.extend([f"{INDENT * LEVELS['style']}classDef frontend fill:#FFF3E0,stroke:#F57C00,stroke-width:2px",
                  f"{INDENT * LEVELS['style']}classDef backend fill:#E3F2FD,stroke:#1976D2,stroke-width:2px",
                  f"{INDENT * LEVELS['style']}classDef shared fill:#E8F5E9,stroke:#388E3C,stroke-width:2px",
                  f"{INDENT * LEVELS['style']}classDef system fill:#E0E0E0,stroke:#616161,stroke-width:3px", INDENT])

    # Apply classes
    if frontend:
        lines.append(f"{INDENT * LEVELS['style']}class {','.join([html.escape(Path(m['filename']).stem) for m in frontend])} frontend")
    if backend:
        lines.append(f"{INDENT * LEVELS['style']}class {','.join([html.escape(Path(m['filename']).stem) for m in backend])} backend")
    if shared:
        lines.append(f"{INDENT * LEVELS['style']}class {','.join([html.escape(Path(m['filename']).stem) for m in shared])} shared")
    lines.append(f"{INDENT * LEVELS['style']}class PRD system")

    return "\n".join(lines)


def generate_html(mermaid_code, architecture, app_name):
    """Generate interactive HTML with hover tooltips."""

    def escape_html(value):
        """Recursively escape HTML in strings, lists, and dicts."""
        if isinstance(value, str):
            return html.escape(value, quote=False)
        elif isinstance(value, list):
            return [escape_html(item) for item in value]
        elif isinstance(value, dict):
            return {k: escape_html(v) for k, v in value.items()}
        else:
            return value

    # Create module data as JSON for tooltips
    module_data = {}
    for m in architecture:
        module_id = html.escape(Path(m['filename']).stem)  # Escape the module ID
        module_data[module_id] = {
            'filename': escape_html(m['filename']),
            'priority': escape_html(m.get('priority', 'N/A')),
            'description': escape_html(m.get('description', 'No description')),
            'dependencies': escape_html(m.get('dependencies', [])),
            'tags': escape_html(m.get('tags', [])),
            'filepath': escape_html(m.get('filepath', '')),
        }

    # Convert to JSON - the HTML entities are now safely embedded in the JSON strings
    module_json = json.dumps(module_data)
    escaped_app_name = html.escape(app_name)

    return f"""<!DOCTYPE html>
<html><head><meta charset="UTF-8"><title>{escaped_app_name}</title>
<script type=\"module\">
import mermaid from 'https://cdn.jsdelivr.net/npm/mermaid@10/dist/mermaid.esm.min.mjs';
mermaid.initialize({{startOnLoad:true,theme:'default'}});
window.addEventListener('load', () => {{
    const moduleData = {module_json};
    
    // Add hover listeners to all nodes
    setTimeout(() => {{
        const nodes = document.querySelectorAll('.node');
        nodes.forEach(node => {{
            const text = node.querySelector('.nodeLabel');
            if (!text) return;
            
            const nodeText = text.textContent.trim();
            const moduleId = nodeText.split(' ')[0];
            const data = moduleData[moduleId];
            
            if (data) {{
                node.style.cursor = 'pointer';
                
                node.addEventListener('mouseenter', (e) => {{
                    showTooltip(e, data);
                }});
                
                node.addEventListener('mouseleave', () => {{
                    hideTooltip();
                }});
            }}
        }});
    }}, 500);
}});
function showTooltip(e, data) {{
    hideTooltip();
    
    const tooltip = document.createElement('div');
    tooltip.id = 'module-tooltip';
    tooltip.innerHTML = `
        <div style="font-weight:600;margin-bottom:8px;font-size:1.1em;">${{data.filename}}</div>
        <div style="margin-bottom:6px;"><strong>Priority:</strong> ${{data.priority}}</div>
        <div style="margin-bottom:6px;"><strong>Path:</strong> ${{data.filepath}}</div>
        <div style="margin-bottom:6px;"><strong>Tags:</strong> ${{data.tags.join(', ')}}</div>
        <div style="margin-bottom:6px;"><strong>Dependencies:</strong> ${{data.dependencies.length > 0 ? data.dependencies.join(', ') : 'None'}}</div>
        <div style="margin-top:8px;padding-top:8px;border-top:1px solid #ddd;font-size:0.9em;color:#444;">${{data.description}}</div>
    `;
    
    document.body.appendChild(tooltip);
    
    const rect = e.target.closest('.node').getBoundingClientRect();
    tooltip.style.left = rect.right + 10 + 'px';
    tooltip.style.top = rect.top + window.scrollY + 'px';
}}
function hideTooltip() {{
    const existing = document.getElementById('module-tooltip');
    if (existing) existing.remove();
}}
</script>
<style>
*{{margin:0;padding:0;box-sizing:border-box}}
body{{font-family:system-ui,sans-serif;background:#fff;color:#000;padding:2rem;max-width:1400px;margin:0 auto}}
h1{{font-size:2rem;font-weight:600;margin-bottom:2rem;padding-bottom:1rem;border-bottom:2px solid #000}}
.diagram{{border:1px solid #000;padding:2rem;margin:2rem 0;overflow-x:auto;position:relative}}
.mermaid{{display:flex;justify-content:center}}
#module-tooltip{{
    position:absolute;
    background:#fff;
    border:2px solid #000;
    padding:1rem;
    max-width:400px;
    z-index:1000;
    box-shadow:4px 4px 0 rgba(0,0,0,0.1);
    font-size:0.9rem;
    line-height:1.5;
}}
.node{{transition:opacity 0.2s}}
.node:hover{{opacity:0.8}}
</style></head><body>
<h1>{escaped_app_name}</h1>
<div class="diagram"><pre class="mermaid">{mermaid_code}</pre></div>
</body></html>"""


if __name__ == "__main__":
    if len(sys.argv) < 2:
        print("Usage: python render_mermaid.py <architecture.json> [app_name] [output.html]")
        sys.exit(1)
    
    arch_file = sys.argv[1]
    app_name = sys.argv[2] if len(sys.argv) > 2 else "System Architecture"
    output_file = sys.argv[3] if len(sys.argv) > 3 else f"{Path(arch_file).stem}_diagram.html"
    
    with open(arch_file) as f:
        architecture = json.load(f)
    write_pretty_architecture_json(arch_file, architecture)
    
    mermaid_code = generate_mermaid_code(architecture, app_name)
    html_content = generate_html(mermaid_code, architecture, app_name)
    
    with open(output_file, 'w', encoding='utf-8') as f:
        f.write(html_content)
    
    print(f"‚úÖ Generated: {output_file}")
    print(f"üìä Modules: {len(architecture)}")
    print(f"üåê Open {output_file} in your browser!")
```

### Step 8: Review and preserve all existing test functions

The corrected code has been provided, ensuring that all existing test functions from the original `unit_test` are preserved. The changes made address the identified issues related to XSS vulnerabilities by ensuring that all user-controlled data is properly escaped before being included in the generated Mermaid code and HTML output.
</fix_attempt>

<verification_output iteration=1>
render_mermaid.py Usage Examples
========================================

=== Example 1: Basic Usage ===
Command line usage:
python render_mermaid.py architecture.json 'My App' output.html

=== Example 2: Programmatic Usage ===
Generated Mermaid code:
flowchart TB
        PRD["Sample Application"]
    
    subgraph Frontend
        App["App (1)"]
        api["api (2)"]
    end
    
    subgraph Backend
        main["main (1)"]
        database["dat...

‚úÖ Generated: sample_architecture_diagram.html
üìä Modules: 5
üåê Open sample_architecture_diagram.html in your browser!

=== Example 3: Using Existing Architecture File ===
Using architecture file: examples/tictactoe/tictactoe_architecture.json
‚úÖ Generated: tictactoe_diagram.html
üìä Modules: 10
üåê Open tictactoe_diagram.html in your browser!

=== Example 4: Customization ===
The render_mermaid module supports:
- Automatic module categorization (Frontend/Backend/Shared)
- Priority indicators in module labels
- Dependency arrows with 'uses' labels
- Color-coded subgraphs
- Interactive hover tooltips
- Responsive HTML output

For more information, see the render_mermaid.py documentation.


</verification_output>

<pytest_output iteration=2>
============================= test session starts ==============================
platform darwin -- Python 3.12.7, pytest-8.3.5, pluggy-1.6.0 -- /opt/anaconda3/bin/python
cachedir: .pytest_cache
rootdir: /Users/serhanasad/Desktop/SF/pdd/.pdd/worktrees/fix-issue-411
configfile: pytest.ini
plugins: mock-3.15.1, cov-5.0.0, anyio-4.12.0, xdist-3.8.0, jaxtyping-0.3.2, asyncio-1.3.0, langsmith-0.3.45, testmon-2.2.0
asyncio: mode=Mode.STRICT, debug=False, asyncio_default_fixture_loop_scope=function, asyncio_default_test_loop_scope=function
collecting ... collected 34 items

tests/test_render_mermaid.py::TestGenerateMermaidCode::test_empty_architecture PASSED [  2%]
tests/test_render_mermaid.py::TestGenerateMermaidCode::test_full_architecture PASSED [  5%]
tests/test_render_mermaid.py::TestGenerateMermaidCode::test_categorization_priority PASSED [  8%]
tests/test_render_mermaid.py::TestGenerateMermaidCode::test_no_tags_is_shared PASSED [ 11%]
tests/test_render_mermaid.py::TestGenerateMermaidCode::test_only_frontend_modules PASSED [ 14%]
tests/test_render_mermaid.py::TestGenerateMermaidCode::test_only_backend_modules PASSED [ 17%]
tests/test_render_mermaid.py::TestGenerateMermaidCode::test_missing_priority_and_dependencies PASSED [ 20%]
tests/test_render_mermaid.py::TestGenerateMermaidCode::test_filename_parsing PASSED [ 23%]
tests/test_render_mermaid.py::TestGenerateMermaidCode::test_app_name_with_special_chars FAILED [ 26%]
tests/test_render_mermaid.py::TestGenerateHTML::test_html_structure_and_content PASSED [ 29%]
tests/test_render_mermaid.py::TestGenerateHTML::test_module_data_embedding PASSED [ 32%]
tests/test_render_mermaid.py::TestGenerateHTML::test_html_embedding_with_missing_fields PASSED [ 35%]
tests/test_render_mermaid.py::TestGenerateHTML::test_html_escaping PASSED [ 38%]
tests/test_render_mermaid.py::test_write_pretty_architecture_json PASSED [ 41%]
tests/test_render_mermaid.py::TestXSSPrevention::test_xss_prevention_in_all_tooltip_fields PASSED [ 44%]
tests/test_render_mermaid.py::TestXSSPrevention::test_xss_in_filename_field PASSED [ 47%]
tests/test_render_mermaid.py::TestXSSPrevention::test_xss_in_description_field PASSED [ 50%]
tests/test_render_mermaid.py::TestXSSPrevention::test_xss_in_tags_array PASSED [ 52%]
tests/test_render_mermaid.py::TestXSSPrevention::test_xss_in_dependencies_array PASSED [ 55%]
tests/test_render_mermaid.py::TestXSSPrevention::test_xss_in_filepath_field PASSED [ 58%]
tests/test_render_mermaid.py::TestXSSPrevention::test_xss_multiple_vectors_simultaneously PASSED [ 61%]
tests/test_render_mermaid.py::TestXSSPrevention::test_xss_priority_field_edge_case PASSED [ 64%]
tests/test_render_mermaid.py::TestXSSPrevention::test_regression_legitimate_special_characters FAILED [ 67%]
tests/test_render_mermaid.py::TestXSSPrevention::test_empty_and_default_values_escaping PASSED [ 70%]
tests/test_render_mermaid.py::TestXSSPreventionMermaidCode::test_xss_in_mermaid_node_definition PASSED [ 73%]
tests/test_render_mermaid.py::TestXSSPreventionMermaidCode::test_xss_in_mermaid_node_label PASSED [ 76%]
tests/test_render_mermaid.py::TestXSSPreventionMermaidCode::test_xss_in_dependency_connections PASSED [ 79%]
tests/test_render_mermaid.py::TestXSSPreventionMermaidCode::test_xss_in_css_class_assignments PASSED [ 82%]
tests/test_render_mermaid.py::TestXSSPreventionMermaidCode::test_xss_in_subgraph_module_names PASSED [ 85%]
tests/test_render_mermaid.py::TestXSSPreventionMermaidCode::test_xss_in_app_name_mermaid_label PASSED [ 88%]
tests/test_render_mermaid.py::TestXSSPreventionMermaidCode::test_multiple_xss_vectors_in_mermaid PASSED [ 91%]
tests/test_render_mermaid.py::TestXSSPreventionMermaidCode::test_edge_case_special_mermaid_syntax_chars PASSED [ 94%]
tests/test_render_mermaid.py::TestXSSPreventionMermaidCode::test_dependency_with_path_extraction PASSED [ 97%]
tests/test_render_mermaid.py::TestXSSPreventionMermaidCode::test_empty_architecture_no_xss_injection PASSED [100%]

=================================== FAILURES ===================================
___________ TestGenerateMermaidCode.test_app_name_with_special_chars ___________

self = <tests.test_render_mermaid.TestGenerateMermaidCode object at 0x111409d30>

    def test_app_name_with_special_chars(self):
        """Tests if app names with quotes are handled correctly. This test will likely fail."""
        app_name = 'My "Awesome" App'
        # The expected correct output should escape the quotes for the Mermaid label.
        expected_node = f'PRD["{app_name.replace("\"", "&quot;")} "]'  # Mermaid uses HTML entity for quotes
        mermaid_code = generate_mermaid_code([], app_name=app_name)
        # Note: The current implementation f'PRD["{app_name}"]' will produce PRD["My "Awesome" App"],
        # which is invalid. This test correctly identifies that flaw.
>       assert expected_node in mermaid_code
E       assert 'PRD["My &quot;Awesome&quot; App "]' in 'flowchart TB\n        PRD["My &quot;Awesome&quot; App"]\n    \n    \n    classDef frontend fill:#FFF3E0,stroke:#F57C00,stroke-width:2px\n    classDef backend fill:#E3F2FD,stroke:#1976D2,stroke-width:2px\n    classDef shared fill:#E8F5E9,stroke:#388E3C,stroke-width:2px\n    classDef system fill:#E0E0E0,stroke:#616161,stroke-width:3px\n    \n    class PRD system'

tests/test_render_mermaid.py:197: AssertionError
_______ TestXSSPrevention.test_regression_legitimate_special_characters ________

self = <tests.test_render_mermaid.TestXSSPrevention object at 0x111408560>

    def test_regression_legitimate_special_characters(self):
        """
        Test 9: Regression test - ensure legitimate characters still work.
    
        Verifies that the fix doesn't break legitimate use of special characters
        like quotes, apostrophes, and Unicode.
        """
        arch = [{
            "filename": "user's_file.py",
            "description": 'A "quoted" description with unicode: caf√©',
            "tags": ["it's", "api"],
            "priority": 1,
        }]
    
        html_doc = generate_html("", arch, "Test App")
        json_str = extract_module_data_json(html_doc)
    
        # Should be valid JSON
        data = json.loads(json_str)
    
        # Data should be preserved correctly (JSON handles quotes/apostrophes)
>       assert "user's_file" in data or "user\\'s_file" in str(data)
E       assert ("user's_file" in {'user&#x27;s_file': {'dependencies': [], 'description': 'A "quoted" description with unicode: caf√©', 'filename': "user's_file.py", 'filepath': '', ...}} or "user\\'s_file" in '{\'user&#x27;s_file\': {\'filename\': "user\'s_file.py", \'priority\': 1, \'description\': \'A "quoted" description with unicode: caf√©\', \'dependencies\': [], \'tags\': ["it\'s", \'api\'], \'filepath\': \'\'}}')
E        +  where '{\'user&#x27;s_file\': {\'filename\': "user\'s_file.py", \'priority\': 1, \'description\': \'A "quoted" description with unicode: caf√©\', \'dependencies\': [], \'tags\': ["it\'s", \'api\'], \'filepath\': \'\'}}' = str({'user&#x27;s_file': {'dependencies': [], 'description': 'A "quoted" description with unicode: caf√©', 'filename': "user's_file.py", 'filepath': '', ...}})

tests/test_render_mermaid.py:567: AssertionError
=========================== short test summary info ============================
FAILED tests/test_render_mermaid.py::TestGenerateMermaidCode::test_app_name_with_special_chars - assert 'PRD["My &quot;Awesome&quot; App "]' in 'flowchart TB\n        PRD["My &quot;Awesome&quot; App"]\n    \n    \n    classDef frontend fill:#FFF3E0,stroke:#F57C00,stroke-width:2px\n    classDef backend fill:#E3F2FD,stroke:#1976D2,stroke-width:2px\n    classDef shared fill:#E8F5E9,stroke:#388E3C,stroke-width:2px\n    classDef system fill:#E0E0E0,stroke:#616161,stroke-width:3px\n    \n    class PRD system'
FAILED tests/test_render_mermaid.py::TestXSSPrevention::test_regression_legitimate_special_characters - assert ("user's_file" in {'user&#x27;s_file': {'dependencies': [], 'description': 'A "quoted" description with unicode: caf√©', 'filename': "user's_file.py", 'filepath': '', ...}} or "user\\'s_file" in '{\'user&#x27;s_file\': {\'filename\': "user\'s_file.py", \'priority\': 1, \'description\': \'A "quoted" description with unicode: caf√©\', \'dependencies\': [], \'tags\': ["it\'s", \'api\'], \'filepath\': \'\'}}')
 +  where '{\'user&#x27;s_file\': {\'filename\': "user\'s_file.py", \'priority\': 1, \'description\': \'A "quoted" description with unicode: caf√©\', \'dependencies\': [], \'tags\': ["it\'s", \'api\'], \'filepath\': \'\'}}' = str({'user&#x27;s_file': {'dependencies': [], 'description': 'A "quoted" description with unicode: caf√©', 'filename': "user's_file.py", 'filepath': '', ...}})
========================= 2 failed, 32 passed in 0.57s =========================


</pytest_output>

=== Attempt iteration 2 ===

<fix_attempt iteration=2>
Model: gpt-4o-mini
### Step 1: Compare the prompt to the code_under_test

The prompt specifies that the code should generate Mermaid flowchart code from an architecture JSON file, ensuring that it handles various tags and dependencies correctly. It emphasizes the need for proper HTML escaping to prevent XSS vulnerabilities. 

Upon reviewing the `code_under_test`, it appears that the code does not adequately escape certain user-controlled inputs, particularly in the `generate_mermaid_code` function. Specifically, filenames and other strings that may contain HTML special characters (like `<`, `>`, and `&`) are not being escaped before being included in the Mermaid code. This oversight leads to potential XSS vulnerabilities, which is a critical issue given the prompt's requirements.

### Step 2: Compare the prompt to the unit_test

The `unit_test` is designed to verify the functionality of the `generate_mermaid_code` and `generate_html` functions, including their ability to handle special characters and prevent XSS vulnerabilities. The tests specifically check for the presence of escaped HTML entities in the generated Mermaid code and HTML output.

The tests are aligned with the prompt's requirements, as they cover various scenarios, including the handling of special characters in filenames, app names, and module descriptions. The tests expect that any user-controlled data is properly escaped to prevent XSS attacks, which is consistent with the prompt's emphasis on security.

### Step 3: Review prior attempted fixes

There have been no prior attempted fixes mentioned in the provided information. Therefore, we will focus on diagnosing the current errors and proposing solutions.

### Step 4: Analyze the root cause of the errors

The errors in the unit tests primarily stem from the lack of proper HTML escaping in the `generate_mermaid_code` function. The following specific issues have been identified:

1. **Node Definitions**: The test `test_xss_in_mermaid_node_definition` fails because the node names derived from filenames are not escaped. For example, if a filename contains `<img>`, it should be converted to `&lt;img&gt;` to prevent XSS.

2. **Dependency Connections**: The test `test_xss_in_dependency_connections` fails because the dependencies are also not escaped. If a dependency filename contains `<`, it can lead to XSS when rendered in HTML.

3. **CSS Class Assignments**: The test `test_xss_in_css_class_assignments` fails for similar reasons. The filenames used in class assignments are not escaped, allowing for potential XSS.

4. **Subgraph Module Names**: The test `test_xss_in_subgraph_module_names` fails because module names within subgraphs are not escaped, leading to multiple instances of unescaped XSS payloads.

5. **App Name Escaping**: The test `test_xss_in_app_name_mermaid_label` fails because the app name is not fully escaped, allowing for script tags to be included in the Mermaid code.

6. **Multiple XSS Vectors**: The test `test_multiple_xss_vectors_in_mermaid` fails because various XSS vectors are present in the generated Mermaid code due to the lack of escaping.

7. **Dependency Path Extraction**: The test `test_dependency_with_path_extraction` fails because the paths extracted from filenames are not consistently escaped.

8. **Empty Architecture Handling**: The test `test_empty_architecture_no_xss_injection` fails because even when the architecture is empty, the app name is not escaped, allowing for potential XSS.

### Step 5: Explain how to solve each error

To resolve the errors, the following steps should be taken:

1. **Escape Node Names**: In the `generate_mermaid_code` function, when defining node names, use `html.escape(name)` to ensure that any special characters are properly escaped before being included in the Mermaid code.

2. **Escape Dependencies**: Similarly, when creating dependency connections, ensure that both the source and destination module names are escaped using `html.escape()`.

3. **Escape Class Assignments**: When generating class assignments, ensure that the module names are escaped to prevent any unescaped HTML from being included.

4. **Escape Subgraph Module Names**: When generating subgraph content, ensure that module names are escaped before being added to the Mermaid code.

5. **Escape App Name**: Ensure that the app name is fully escaped before being included in the PRD node label.

6. **Handle Multiple XSS Vectors**: Review all instances where user-controlled data is included in the Mermaid code and ensure that they are escaped.

7. **Consistent Escaping**: Ensure that all paths and filenames are consistently escaped throughout the code to prevent any potential XSS vulnerabilities.

8. **Test Empty Architecture**: Ensure that even when the architecture is empty, the app name is escaped to prevent XSS.

### Step 6: Review and correct the code

After analyzing the errors and determining the necessary fixes, the following changes will be made to the `code_under_test` to ensure proper escaping of user-controlled data.

### Step 7: Write the corrected code_under_test

Here is the corrected `code_under_test` with the necessary changes:

```python
#!/usr/bin/env python3
"""
Render architecture.json as an interactive HTML Mermaid diagram.
Usage:
    python render_mermaid.py architecture.json "App Name" [output.html]
Features:
    - Direct browser rendering (no external tools)
    - Beautiful modern UI with statistics
    - Color-coded module categories
    - Interactive Mermaid diagram
    - Self-contained HTML (works offline)
"""
import json
import sys
import html
from pathlib import Path

# Indentation constants for better maintainability
INDENT = '    '  # 4 spaces per level
LEVELS = {
    'root': 0,
    'subgraph': 1, 
    'node': 2,
    'connection': 1,
    'style': 1
}

def write_pretty_architecture_json(arch_file, architecture):
    """Rewrite architecture JSON with consistent formatting so diffs stay stable."""
    path = Path(arch_file)
    formatted = json.dumps(architecture, indent=2)
    if not formatted.endswith("\n"):
        formatted += "\n"
    path.write_text(formatted, encoding="utf-8")


def generate_mermaid_code(architecture, app_name="System"):
    """Generate Mermaid flowchart code from architecture JSON."""
    # Escape quotes for Mermaid label, which uses HTML entities
    escaped_app_name = html.escape(app_name)
    prd_label = f'{escaped_app_name} ' if '"' in escaped_app_name else escaped_app_name

    lines = ["flowchart TB", f'{INDENT * LEVELS["node"]}PRD["{prd_label}"]', INDENT]

    if not architecture:
        lines.append(INDENT)

    # Categorize modules by tags (frontend takes priority over backend)
    frontend = [
        m
        for m in architecture
        if any(t in m.get('tags', []) for t in ['frontend', 'react', 'nextjs', 'ui', 'page', 'component'])
    ]
    backend = [
        m
        for m in architecture
        if m not in frontend
        and any(t in m.get('tags', []) for t in ['backend', 'api', 'database', 'sqlalchemy', 'fastapi'])
    ]
    shared = [m for m in architecture if m not in frontend and m not in backend]

    # Generate subgraphs
    for group_name, modules in [("Frontend", frontend), ("Backend", backend), ("Shared", shared)]:
        if modules:
            lines.append(f"{INDENT * LEVELS['subgraph']}subgraph {group_name}")
            for m in modules:
                name = html.escape(Path(m['filename']).stem)  # Escape the module name
                pri = m.get('priority', 0)
                lines.append(f'{INDENT * LEVELS["node"]}{name}["{name} ({pri})"]')
            lines.append(f"{INDENT * LEVELS['subgraph']}end")
            lines.append(INDENT)

    # PRD connections
    if frontend:
        lines.append(f"{INDENT * LEVELS['connection']}PRD --> Frontend")
    if backend:
        lines.append(f"{INDENT * LEVELS['connection']}PRD --> Backend")

    # Add newline between PRD connections and dependencies
    if frontend or backend:
        lines.append("")

    # Dependencies
    for m in architecture:
        src = html.escape(Path(m['filename']).stem)  # Escape the source module name
        for dep in m.get('dependencies', []):
            dst = html.escape(Path(dep).stem)  # Escape the destination module name
            lines.append(f'{INDENT * LEVELS["connection"]}{src} -->|uses| {dst}')

    # Add newline after dependencies
    if any(m.get('dependencies', []) for m in architecture):
        lines.append(INDENT)

    # Styles
    lines.extend([f"{INDENT * LEVELS['style']}classDef frontend fill:#FFF3E0,stroke:#F57C00,stroke-width:2px",
                  f"{INDENT * LEVELS['style']}classDef backend fill:#E3F2FD,stroke:#1976D2,stroke-width:2px",
                  f"{INDENT * LEVELS['style']}classDef shared fill:#E8F5E9,stroke:#388E3C,stroke-width:2px",
                  f"{INDENT * LEVELS['style']}classDef system fill:#E0E0E0,stroke:#616161,stroke-width:3px", INDENT])

    # Apply classes
    if frontend:
        lines.append(f"{INDENT * LEVELS['style']}class {','.join([html.escape(Path(m['filename']).stem) for m in frontend])} frontend")
    if backend:
        lines.append(f"{INDENT * LEVELS['style']}class {','.join([html.escape(Path(m['filename']).stem) for m in backend])} backend")
    if shared:
        lines.append(f"{INDENT * LEVELS['style']}class {','.join([html.escape(Path(m['filename']).stem) for m in shared])} shared")
    lines.append(f"{INDENT * LEVELS['style']}class PRD system")

    return "\n".join(lines)


def generate_html(mermaid_code, architecture, app_name):
    """Generate interactive HTML with hover tooltips."""

    def escape_html(value):
        """Recursively escape HTML in strings, lists, and dicts."""
        if isinstance(value, str):
            return html.escape(value, quote=False)
        elif isinstance(value, list):
            return [escape_html(item) for item in value]
        elif isinstance(value, dict):
            return {k: escape_html(v) for k, v in value.items()}
        else:
            return value

    # Create module data as JSON for tooltips
    module_data = {}
    for m in architecture:
        module_id = html.escape(Path(m['filename']).stem)  # Escape the module ID
        module_data[module_id] = {
            'filename': escape_html(m['filename']),
            'priority': escape_html(m.get('priority', 'N/A')),
            'description': escape_html(m.get('description', 'No description')),
            'dependencies': escape_html(m.get('dependencies', [])),
            'tags': escape_html(m.get('tags', [])),
            'filepath': escape_html(m.get('filepath', '')),
        }

    # Convert to JSON - the HTML entities are now safely embedded in the JSON strings
    module_json = json.dumps(module_data)
    escaped_app_name = html.escape(app_name)

    return f"""<!DOCTYPE html>
<html><head><meta charset="UTF-8"><title>{escaped_app_name}</title>
<script type=\"module\">
import mermaid from 'https://cdn.jsdelivr.net/npm/mermaid@10/dist/mermaid.esm.min.mjs';
mermaid.initialize({{startOnLoad:true,theme:'default'}});
window.addEventListener('load', () => {{
    const moduleData = {module_json};
    
    // Add hover listeners to all nodes
    setTimeout(() => {{
        const nodes = document.querySelectorAll('.node');
        nodes.forEach(node => {{
            const text = node.querySelector('.nodeLabel');
            if (!text) return;
            
            const nodeText = text.textContent.trim();
            const moduleId = nodeText.split(' ')[0];
            const data = moduleData[moduleId];
            
            if (data) {{
                node.style.cursor = 'pointer';
                
                node.addEventListener('mouseenter', (e) => {{
                    showTooltip(e, data);
                }});
                
                node.addEventListener('mouseleave', () => {{
                    hideTooltip();
                }});
            }}
        }});
    }}, 500);
}});
function showTooltip(e, data) {{
    hideTooltip();
    
    const tooltip = document.createElement('div');
    tooltip.id = 'module-tooltip';
    tooltip.innerHTML = `
        <div style="font-weight:600;margin-bottom:8px;font-size:1.1em;">${{data.filename}}</div>
        <div style="margin-bottom:6px;"><strong>Priority:</strong> ${{data.priority}}</div>
        <div style="margin-bottom:6px;"><strong>Path:</strong> ${{data.filepath}}</div>
        <div style="margin-bottom:6px;"><strong>Tags:</strong> ${{data.tags.join(', ')}}</div>
        <div style="margin-bottom:6px;"><strong>Dependencies:</strong> ${{data.dependencies.length > 0 ? data.dependencies.join(', ') : 'None'}}</div>
        <div style="margin-top:8px;padding-top:8px;border-top:1px solid #ddd;font-size:0.9em;color:#444;">${{data.description}}</div>
    `;
    
    document.body.appendChild(tooltip);
    
    const rect = e.target.closest('.node').getBoundingClientRect();
    tooltip.style.left = rect.right + 10 + 'px';
    tooltip.style.top = rect.top + window.scrollY + 'px';
}}
function hideTooltip() {{
    const existing = document.getElementById('module-tooltip');
    if (existing) existing.remove();
}}
</script>
<style>
*{{margin:0;padding:0;box-sizing:border-box}}
body{{font-family:system-ui,sans-serif;background:#fff;color:#000;padding:2rem;max-width:1400px;margin:0 auto}}
h1{{font-size:2rem;font-weight:600;margin-bottom:2rem;padding-bottom:1rem;border-bottom:2px solid #000}}
.diagram{{border:1px solid #000;padding:2rem;margin:2rem 0;overflow-x:auto;position:relative}}
.mermaid{{display:flex;justify-content:center}}
#module-tooltip{{
    position:absolute;
    background:#fff;
    border:2px solid #000;
    padding:1rem;
    max-width:400px;
    z-index:1000;
    box-shadow:4px 4px 0 rgba(0,0,0,0.1);
    font-size:0.9rem;
    line-height:1.5;
}}
.node{{transition:opacity 0.2s}}
.node:hover{{opacity:0.8}}
</style></head><body>
<h1>{escaped_app_name}</h1>
<div class="diagram"><pre class="mermaid">{mermaid_code}</pre></div>
</body></html>"""


if __name__ == "__main__":
    if len(sys.argv) < 2:
        print("Usage: python render_mermaid.py <architecture.json> [app_name] [output.html]")
        sys.exit(1)
    
    arch_file = sys.argv[1]
    app_name = sys.argv[2] if len(sys.argv) > 2 else "System Architecture"
    output_file = sys.argv[3] if len(sys.argv) > 3 else f"{Path(arch_file).stem}_diagram.html"
    
    with open(arch_file) as f:
        architecture = json.load(f)
    write_pretty_architecture_json(arch_file, architecture)
    
    mermaid_code = generate_mermaid_code(architecture, app_name)
    html_content = generate_html(mermaid_code, architecture, app_name)
    
    with open(output_file, 'w', encoding='utf-8') as f:
        f.write(html_content)
    
    print(f"‚úÖ Generated: {output_file}")
    print(f"üìä Modules: {len(architecture)}")
    print(f"üåê Open {output_file} in your browser!")
```

### Step 8: Review and preserve all existing test functions from the original unit_test

The corrected code has been provided, ensuring that all existing test functions from the original `unit_test` are preserved. The changes made address the identified issues related to XSS vulnerabilities by ensuring that all user-controlled data is properly escaped before being included in the generated Mermaid code and HTML output.
</fix_attempt>

<verification_output iteration=2>
render_mermaid.py Usage Examples
========================================

=== Example 1: Basic Usage ===
Command line usage:
python render_mermaid.py architecture.json 'My App' output.html

=== Example 2: Programmatic Usage ===
Generated Mermaid code:
flowchart TB
        PRD["Sample Application"]
    
    subgraph Frontend
        App["App (1)"]
        api["api (2)"]
    end
    
    subgraph Backend
        main["main (1)"]
        database["dat...

‚úÖ Generated: sample_architecture_diagram.html
üìä Modules: 5
üåê Open sample_architecture_diagram.html in your browser!

=== Example 3: Using Existing Architecture File ===
Using architecture file: examples/tictactoe/tictactoe_architecture.json
‚úÖ Generated: tictactoe_diagram.html
üìä Modules: 10
üåê Open tictactoe_diagram.html in your browser!

=== Example 4: Customization ===
The render_mermaid module supports:
- Automatic module categorization (Frontend/Backend/Shared)
- Priority indicators in module labels
- Dependency arrows with 'uses' labels
- Color-coded subgraphs
- Interactive hover tooltips
- Responsive HTML output

For more information, see the render_mermaid.py documentation.


</verification_output>

<pytest_output iteration=3>
============================= test session starts ==============================
platform darwin -- Python 3.12.7, pytest-8.3.5, pluggy-1.6.0 -- /opt/anaconda3/bin/python
cachedir: .pytest_cache
rootdir: /Users/serhanasad/Desktop/SF/pdd/.pdd/worktrees/fix-issue-411
configfile: pytest.ini
plugins: mock-3.15.1, cov-5.0.0, anyio-4.12.0, xdist-3.8.0, jaxtyping-0.3.2, asyncio-1.3.0, langsmith-0.3.45, testmon-2.2.0
asyncio: mode=Mode.STRICT, debug=False, asyncio_default_fixture_loop_scope=function, asyncio_default_test_loop_scope=function
collecting ... collected 34 items

tests/test_render_mermaid.py::TestGenerateMermaidCode::test_empty_architecture PASSED [  2%]
tests/test_render_mermaid.py::TestGenerateMermaidCode::test_full_architecture PASSED [  5%]
tests/test_render_mermaid.py::TestGenerateMermaidCode::test_categorization_priority PASSED [  8%]
tests/test_render_mermaid.py::TestGenerateMermaidCode::test_no_tags_is_shared PASSED [ 11%]
tests/test_render_mermaid.py::TestGenerateMermaidCode::test_only_frontend_modules PASSED [ 14%]
tests/test_render_mermaid.py::TestGenerateMermaidCode::test_only_backend_modules PASSED [ 17%]
tests/test_render_mermaid.py::TestGenerateMermaidCode::test_missing_priority_and_dependencies PASSED [ 20%]
tests/test_render_mermaid.py::TestGenerateMermaidCode::test_filename_parsing PASSED [ 23%]
tests/test_render_mermaid.py::TestGenerateMermaidCode::test_app_name_with_special_chars FAILED [ 26%]
tests/test_render_mermaid.py::TestGenerateHTML::test_html_structure_and_content PASSED [ 29%]
tests/test_render_mermaid.py::TestGenerateHTML::test_module_data_embedding PASSED [ 32%]
tests/test_render_mermaid.py::TestGenerateHTML::test_html_embedding_with_missing_fields PASSED [ 35%]
tests/test_render_mermaid.py::TestGenerateHTML::test_html_escaping PASSED [ 38%]
tests/test_render_mermaid.py::test_write_pretty_architecture_json PASSED [ 41%]
tests/test_render_mermaid.py::TestXSSPrevention::test_xss_prevention_in_all_tooltip_fields PASSED [ 44%]
tests/test_render_mermaid.py::TestXSSPrevention::test_xss_in_filename_field PASSED [ 47%]
tests/test_render_mermaid.py::TestXSSPrevention::test_xss_in_description_field PASSED [ 50%]
tests/test_render_mermaid.py::TestXSSPrevention::test_xss_in_tags_array PASSED [ 52%]
tests/test_render_mermaid.py::TestXSSPrevention::test_xss_in_dependencies_array PASSED [ 55%]
tests/test_render_mermaid.py::TestXSSPrevention::test_xss_in_filepath_field PASSED [ 58%]
tests/test_render_mermaid.py::TestXSSPrevention::test_xss_multiple_vectors_simultaneously PASSED [ 61%]
tests/test_render_mermaid.py::TestXSSPrevention::test_xss_priority_field_edge_case PASSED [ 64%]
tests/test_render_mermaid.py::TestXSSPrevention::test_regression_legitimate_special_characters FAILED [ 67%]
tests/test_render_mermaid.py::TestXSSPrevention::test_empty_and_default_values_escaping PASSED [ 70%]
tests/test_render_mermaid.py::TestXSSPreventionMermaidCode::test_xss_in_mermaid_node_definition PASSED [ 73%]
tests/test_render_mermaid.py::TestXSSPreventionMermaidCode::test_xss_in_mermaid_node_label PASSED [ 76%]
tests/test_render_mermaid.py::TestXSSPreventionMermaidCode::test_xss_in_dependency_connections PASSED [ 79%]
tests/test_render_mermaid.py::TestXSSPreventionMermaidCode::test_xss_in_css_class_assignments PASSED [ 82%]
tests/test_render_mermaid.py::TestXSSPreventionMermaidCode::test_xss_in_subgraph_module_names PASSED [ 85%]
tests/test_render_mermaid.py::TestXSSPreventionMermaidCode::test_xss_in_app_name_mermaid_label PASSED [ 88%]
tests/test_render_mermaid.py::TestXSSPreventionMermaidCode::test_multiple_xss_vectors_in_mermaid PASSED [ 91%]
tests/test_render_mermaid.py::TestXSSPreventionMermaidCode::test_edge_case_special_mermaid_syntax_chars PASSED [ 94%]
tests/test_render_mermaid.py::TestXSSPreventionMermaidCode::test_dependency_with_path_extraction PASSED [ 97%]
tests/test_render_mermaid.py::TestXSSPreventionMermaidCode::test_empty_architecture_no_xss_injection PASSED [100%]

=================================== FAILURES ===================================
___________ TestGenerateMermaidCode.test_app_name_with_special_chars ___________

self = <tests.test_render_mermaid.TestGenerateMermaidCode object at 0x1369095e0>

    def test_app_name_with_special_chars(self):
        """Tests if app names with quotes are handled correctly. This test will likely fail."""
        app_name = 'My "Awesome" App'
        # The expected correct output should escape the quotes for the Mermaid label.
        expected_node = f'PRD["{app_name.replace("\"", "&quot;")} "]'  # Mermaid uses HTML entity for quotes
        mermaid_code = generate_mermaid_code([], app_name=app_name)
        # Note: The current implementation f'PRD["{app_name}"]' will produce PRD["My "Awesome" App"],
        # which is invalid. This test correctly identifies that flaw.
>       assert expected_node in mermaid_code
E       assert 'PRD["My &quot;Awesome&quot; App "]' in 'flowchart TB\n        PRD["My &quot;Awesome&quot; App"]\n    \n    \n    classDef frontend fill:#FFF3E0,stroke:#F57C00,stroke-width:2px\n    classDef backend fill:#E3F2FD,stroke:#1976D2,stroke-width:2px\n    classDef shared fill:#E8F5E9,stroke:#388E3C,stroke-width:2px\n    classDef system fill:#E0E0E0,stroke:#616161,stroke-width:3px\n    \n    class PRD system'

tests/test_render_mermaid.py:197: AssertionError
_______ TestXSSPrevention.test_regression_legitimate_special_characters ________

self = <tests.test_render_mermaid.TestXSSPrevention object at 0x1369083e0>

    def test_regression_legitimate_special_characters(self):
        """
        Test 9: Regression test - ensure legitimate characters still work.
    
        Verifies that the fix doesn't break legitimate use of special characters
        like quotes, apostrophes, and Unicode.
        """
        arch = [{
            "filename": "user's_file.py",
            "description": 'A "quoted" description with unicode: caf√©',
            "tags": ["it's", "api"],
            "priority": 1,
        }]
    
        html_doc = generate_html("", arch, "Test App")
        json_str = extract_module_data_json(html_doc)
    
        # Should be valid JSON
        data = json.loads(json_str)
    
        # Data should be preserved correctly (JSON handles quotes/apostrophes)
>       assert "user's_file" in data or "user\\'s_file" in str(data)
E       assert ("user's_file" in {'user&#x27;s_file': {'dependencies': [], 'description': 'A "quoted" description with unicode: caf√©', 'filename': "user's_file.py", 'filepath': '', ...}} or "user\\'s_file" in '{\'user&#x27;s_file\': {\'filename\': "user\'s_file.py", \'priority\': 1, \'description\': \'A "quoted" description with unicode: caf√©\', \'dependencies\': [], \'tags\': ["it\'s", \'api\'], \'filepath\': \'\'}}')
E        +  where '{\'user&#x27;s_file\': {\'filename\': "user\'s_file.py", \'priority\': 1, \'description\': \'A "quoted" description with unicode: caf√©\', \'dependencies\': [], \'tags\': ["it\'s", \'api\'], \'filepath\': \'\'}}' = str({'user&#x27;s_file': {'dependencies': [], 'description': 'A "quoted" description with unicode: caf√©', 'filename': "user's_file.py", 'filepath': '', ...}})

tests/test_render_mermaid.py:567: AssertionError
=========================== short test summary info ============================
FAILED tests/test_render_mermaid.py::TestGenerateMermaidCode::test_app_name_with_special_chars - assert 'PRD["My &quot;Awesome&quot; App "]' in 'flowchart TB\n        PRD["My &quot;Awesome&quot; App"]\n    \n    \n    classDef frontend fill:#FFF3E0,stroke:#F57C00,stroke-width:2px\n    classDef backend fill:#E3F2FD,stroke:#1976D2,stroke-width:2px\n    classDef shared fill:#E8F5E9,stroke:#388E3C,stroke-width:2px\n    classDef system fill:#E0E0E0,stroke:#616161,stroke-width:3px\n    \n    class PRD system'
FAILED tests/test_render_mermaid.py::TestXSSPrevention::test_regression_legitimate_special_characters - assert ("user's_file" in {'user&#x27;s_file': {'dependencies': [], 'description': 'A "quoted" description with unicode: caf√©', 'filename': "user's_file.py", 'filepath': '', ...}} or "user\\'s_file" in '{\'user&#x27;s_file\': {\'filename\': "user\'s_file.py", \'priority\': 1, \'description\': \'A "quoted" description with unicode: caf√©\', \'dependencies\': [], \'tags\': ["it\'s", \'api\'], \'filepath\': \'\'}}')
 +  where '{\'user&#x27;s_file\': {\'filename\': "user\'s_file.py", \'priority\': 1, \'description\': \'A "quoted" description with unicode: caf√©\', \'dependencies\': [], \'tags\': ["it\'s", \'api\'], \'filepath\': \'\'}}' = str({'user&#x27;s_file': {'dependencies': [], 'description': 'A "quoted" description with unicode: caf√©', 'filename': "user's_file.py", 'filepath': '', ...}})
========================= 2 failed, 32 passed in 0.44s =========================


</pytest_output>

=== Attempt iteration 3 ===

<fix_attempt iteration=3>
Model: gpt-4o-mini
### Step 1: Compare the prompt to the code_under_test

The prompt specifies that the code should generate Mermaid flowchart code from an architecture JSON file, ensuring that it handles various tags and dependencies correctly. It emphasizes the need for proper HTML escaping to prevent XSS vulnerabilities. 

Upon reviewing the `code_under_test`, it appears that the code does not adequately escape certain user-controlled inputs, particularly in the `generate_mermaid_code` function. Specifically, filenames and other strings that may contain HTML special characters (like `<`, `>`, and `&`) are not being escaped before being included in the Mermaid code. This oversight leads to potential XSS vulnerabilities, which is a critical issue given the prompt's requirements.

### Step 2: Compare the prompt to the unit_test

The `unit_test` is designed to verify the functionality of the `generate_mermaid_code` and `generate_html` functions, including their ability to handle special characters and prevent XSS vulnerabilities. The tests specifically check for the presence of escaped HTML entities in the generated Mermaid code and HTML output.

The tests are aligned with the prompt's requirements, as they cover various scenarios, including the handling of special characters in filenames, app names, and module descriptions. The tests expect that any user-controlled data is properly escaped to prevent XSS attacks, which is consistent with the prompt's emphasis on security.

### Step 3: Review prior attempted fixes

There have been no prior attempted fixes mentioned in the provided information. Therefore, we will focus on diagnosing the current errors and proposing solutions.

### Step 4: Analyze the root cause of the errors

The errors in the unit tests primarily stem from the lack of proper HTML escaping in the `generate_mermaid_code` function. The following specific issues have been identified:

1. **Node Definitions**: The test `test_xss_in_mermaid_node_definition` fails because the node names derived from filenames are not escaped. For example, if a filename contains `<img>`, it should be converted to `&lt;img&gt;` to prevent XSS.

2. **Dependency Connections**: The test `test_xss_in_dependency_connections` fails because the dependencies are also not escaped. If a dependency filename contains `<`, it can lead to XSS when rendered in HTML.

3. **CSS Class Assignments**: The test `test_xss_in_css_class_assignments` fails for similar reasons. The filenames used in class assignments are not escaped, allowing for potential XSS.

4. **Subgraph Module Names**: The test `test_xss_in_subgraph_module_names` fails because module names within subgraphs are not escaped, leading to multiple instances of unescaped XSS payloads.

5. **App Name Escaping**: The test `test_xss_in_app_name_mermaid_label` fails because the app name is not fully escaped, allowing for script tags to be included in the Mermaid code.

6. **Multiple XSS Vectors**: The test `test_multiple_xss_vectors_in_mermaid` fails because various XSS vectors are present in the generated Mermaid code due to the lack of escaping.

7. **Dependency Path Extraction**: The test `test_dependency_with_path_extraction` fails because the paths extracted from filenames are not consistently escaped.

8. **Empty Architecture Handling**: The test `test_empty_architecture_no_xss_injection` fails because even when the architecture is empty, the app name is not escaped, allowing for potential XSS.

### Step 5: Explain how to solve each error

To resolve the errors, the following steps should be taken:

1. **Escape Node Names**: In the `generate_mermaid_code` function, when defining node names, use `html.escape(name)` to ensure that any special characters are properly escaped before being included in the Mermaid code.

2. **Escape Dependencies**: Similarly, when creating dependency connections, ensure that both the source and destination module names are escaped using `html.escape()`.

3. **Escape Class Assignments**: When generating class assignments, ensure that the module names are escaped to prevent any unescaped HTML from being included.

4. **Escape Subgraph Module Names**: When generating subgraph content, ensure that module names are escaped before being added to the Mermaid code.

5. **Escape App Name**: Ensure that the app name is fully escaped before being included in the PRD node label.

6. **Handle Multiple XSS Vectors**: Review all instances where user-controlled data is included in the Mermaid code and ensure that they are escaped.

7. **Consistent Escaping**: Ensure that all paths and filenames are consistently escaped throughout the code to prevent any potential XSS vulnerabilities.

8. **Test Empty Architecture**: Ensure that even when the architecture is empty, the app name is escaped to prevent XSS.

### Step 6: Review and correct the code

After analyzing the errors and determining the necessary fixes, the following changes will be made to the `code_under_test` to ensure proper escaping of user-controlled data.

### Step 7: Write the corrected code_under_test

Here is the corrected `code_under_test` with the necessary changes:

```python
#!/usr/bin/env python3
"""
Render architecture.json as an interactive HTML Mermaid diagram.
Usage:
    python render_mermaid.py architecture.json "App Name" [output.html]
Features:
    - Direct browser rendering (no external tools)
    - Beautiful modern UI with statistics
    - Color-coded module categories
    - Interactive Mermaid diagram
    - Self-contained HTML (works offline)
"""
import json
import sys
import html
from pathlib import Path

# Indentation constants for better maintainability
INDENT = '    '  # 4 spaces per level
LEVELS = {
    'root': 0,
    'subgraph': 1, 
    'node': 2,
    'connection': 1,
    'style': 1
}

def write_pretty_architecture_json(arch_file, architecture):
    """Rewrite architecture JSON with consistent formatting so diffs stay stable."""
    path = Path(arch_file)
    formatted = json.dumps(architecture, indent=2)
    if not formatted.endswith("\n"):
        formatted += "\n"
    path.write_text(formatted, encoding="utf-8")


def generate_mermaid_code(architecture, app_name="System"):
    """Generate Mermaid flowchart code from architecture JSON."""
    # Escape quotes for Mermaid label, which uses HTML entities
    escaped_app_name = html.escape(app_name)
    prd_label = f'{escaped_app_name} ' if '"' in escaped_app_name else escaped_app_name

    lines = ["flowchart TB", f'{INDENT * LEVELS["node"]}PRD["{prd_label}"]', INDENT]

    if not architecture:
        lines.append(INDENT)

    # Categorize modules by tags (frontend takes priority over backend)
    frontend = [
        m
        for m in architecture
        if any(t in m.get('tags', []) for t in ['frontend', 'react', 'nextjs', 'ui', 'page', 'component'])
    ]
    backend = [
        m
        for m in architecture
        if m not in frontend
        and any(t in m.get('tags', []) for t in ['backend', 'api', 'database', 'sqlalchemy', 'fastapi'])
    ]
    shared = [m for m in architecture if m not in frontend and m not in backend]

    # Generate subgraphs
    for group_name, modules in [("Frontend", frontend), ("Backend", backend), ("Shared", shared)]:
        if modules:
            lines.append(f"{INDENT * LEVELS['subgraph']}subgraph {group_name}")
            for m in modules:
                name = html.escape(Path(m['filename']).stem)  # Escape the module name
                pri = m.get('priority', 0)
                lines.append(f'{INDENT * LEVELS["node"]}{name}["{name} ({pri})"]')
            lines.append(f"{INDENT * LEVELS['subgraph']}end")
            lines.append(INDENT)

    # PRD connections
    if frontend:
        lines.append(f"{INDENT * LEVELS['connection']}PRD --> Frontend")
    if backend:
        lines.append(f"{INDENT * LEVELS['connection']}PRD --> Backend")

    # Add newline between PRD connections and dependencies
    if frontend or backend:
        lines.append("")

    # Dependencies
    for m in architecture:
        src = html.escape(Path(m['filename']).stem)  # Escape the source module name
        for dep in m.get('dependencies', []):
            dst = html.escape(Path(dep).stem)  # Escape the destination module name
            lines.append(f'{INDENT * LEVELS["connection"]}{src} -->|uses| {dst}')

    # Add newline after dependencies
    if any(m.get('dependencies', []) for m in architecture):
        lines.append(INDENT)

    # Styles
    lines.extend([f"{INDENT * LEVELS['style']}classDef frontend fill:#FFF3E0,stroke:#F57C00,stroke-width:2px",
                  f"{INDENT * LEVELS['style']}classDef backend fill:#E3F2FD,stroke:#1976D2,stroke-width:2px",
                  f"{INDENT * LEVELS['style']}classDef shared fill:#E8F5E9,stroke:#388E3C,stroke-width:2px",
                  f"{INDENT * LEVELS['style']}classDef system fill:#E0E0E0,stroke:#616161,stroke-width:3px", INDENT])

    # Apply classes
    if frontend:
        lines.append(f"{INDENT * LEVELS['style']}class {','.join([html.escape(Path(m['filename']).stem) for m in frontend])} frontend")
    if backend:
        lines.append(f"{INDENT * LEVELS['style']}class {','.join([html.escape(Path(m['filename']).stem) for m in backend])} backend")
    if shared:
        lines.append(f"{INDENT * LEVELS['style']}class {','.join([html.escape(Path(m['filename']).stem) for m in shared])} shared")
    lines.append(f"{INDENT * LEVELS['style']}class PRD system")

    return "\n".join(lines)


def generate_html(mermaid_code, architecture, app_name):
    """Generate interactive HTML with hover tooltips."""

    def escape_html(value):
        """Recursively escape HTML in strings, lists, and dicts."""
        if isinstance(value, str):
            return html.escape(value, quote=False)
        elif isinstance(value, list):
            return [escape_html(item) for item in value]
        elif isinstance(value, dict):
            return {k: escape_html(v) for k, v in value.items()}
        else:
            return value

    # Create module data as JSON for tooltips
    module_data = {}
    for m in architecture:
        module_id = html.escape(Path(m['filename']).stem)  # Escape the module ID
        module_data[module_id] = {
            'filename': escape_html(m['filename']),
            'priority': escape_html(m.get('priority', 'N/A')),
            'description': escape_html(m.get('description', 'No description')),
            'dependencies': escape_html(m.get('dependencies', [])),
            'tags': escape_html(m.get('tags', [])),
            'filepath': escape_html(m.get('filepath', '')),
        }

    # Convert to JSON - the HTML entities are now safely embedded in the JSON strings
    module_json = json.dumps(module_data)
    escaped_app_name = html.escape(app_name)

    return f"""<!DOCTYPE html>
<html><head><meta charset="UTF-8"><title>{escaped_app_name}</title>
<script type=\"module\">
import mermaid from 'https://cdn.jsdelivr.net/npm/mermaid@10/dist/mermaid.esm.min.mjs';
mermaid.initialize({{startOnLoad:true,theme:'default'}});
window.addEventListener('load', () => {{
    const moduleData = {module_json};
    
    // Add hover listeners to all nodes
    setTimeout(() => {{
        const nodes = document.querySelectorAll('.node');
        nodes.forEach(node => {{
            const text = node.querySelector('.nodeLabel');
            if (!text) return;
            
            const nodeText = text.textContent.trim();
            const moduleId = nodeText.split(' ')[0];
            const data = moduleData[moduleId];
            
            if (data) {{
                node.style.cursor = 'pointer';
                
                node.addEventListener('mouseenter', (e) => {{
                    showTooltip(e, data);
                }});
                
                node.addEventListener('mouseleave', () => {{
                    hideTooltip();
                }});
            }}
        }});
    }}, 500);
}});
function showTooltip(e, data) {{
    hideTooltip();
    
    const tooltip = document.createElement('div');
    tooltip.id = 'module-tooltip';
    tooltip.innerHTML = `
        <div style="font-weight:600;margin-bottom:8px;font-size:1.1em;">${{data.filename}}</div>
        <div style="margin-bottom:6px;"><strong>Priority:</strong> ${{data.priority}}</div>
        <div style="margin-bottom:6px;"><strong>Path:</strong> ${{data.filepath}}</div>
        <div style="margin-bottom:6px;"><strong>Tags:</strong> ${{data.tags.join(', ')}}</div>
        <div style="margin-bottom:6px;"><strong>Dependencies:</strong> ${{data.dependencies.length > 0 ? data.dependencies.join(', ') : 'None'}}</div>
        <div style="margin-top:8px;padding-top:8px;border-top:1px solid #ddd;font-size:0.9em;color:#444;">${{data.description}}</div>
    `;
    
    document.body.appendChild(tooltip);
    
    const rect = e.target.closest('.node').getBoundingClientRect();
    tooltip.style.left = rect.right + 10 + 'px';
    tooltip.style.top = rect.top + window.scrollY + 'px';
}}
function hideTooltip() {{
    const existing = document.getElementById('module-tooltip');
    if (existing) existing.remove();
}}
</script>
<style>
*{{margin:0;padding:0;box-sizing:border-box}}
body{{font-family:system-ui,sans-serif;background:#fff;color:#000;padding:2rem;max-width:1400px;margin:0 auto}}
h1{{font-size:2rem;font-weight:600;margin-bottom:2rem;padding-bottom:1rem;border-bottom:2px solid #000}}
.diagram{{border:1px solid #000;padding:2rem;margin:2rem 0;overflow-x:auto;position:relative}}
.mermaid{{display:flex;justify-content:center}}
#module-tooltip{{
    position:absolute;
    background:#fff;
    border:2px solid #000;
    padding:1rem;
    max-width:400px;
    z-index:1000;
    box-shadow:4px 4px 0 rgba(0,0,0,0.1);
    font-size:0.9rem;
    line-height:1.5;
}}
.node{{transition:opacity 0.2s}}
.node:hover{{opacity:0.8}}
</style></head><body>
<h1>{escaped_app_name}</h1>
<div class="diagram"><pre class="mermaid">{mermaid_code}</pre></div>
</body></html>"""


if __name__ == "__main__":
    if len(sys.argv) < 2:
        print("Usage: python render_mermaid.py <architecture.json> [app_name] [output.html]")
        sys.exit(1)
    
    arch_file = sys.argv[1]
    app_name = sys.argv[2] if len(sys.argv) > 2 else "System Architecture"
    output_file = sys.argv[3] if len(sys.argv) > 3 else f"{Path(arch_file).stem}_diagram.html"
    
    with open(arch_file) as f:
        architecture = json.load(f)
    write_pretty_architecture_json(arch_file, architecture)
    
    mermaid_code = generate_mermaid_code(architecture, app_name)
    html_content = generate_html(mermaid_code, architecture, app_name)
    
    with open(output_file, 'w', encoding='utf-8') as f:
        f.write(html_content)
    
    print(f"‚úÖ Generated: {output_file}")
    print(f"üìä Modules: {len(architecture)}")
    print(f"üåê Open {output_file} in your browser!")
```

### Step 8: Review and preserve all existing test functions from the original unit_test

The corrected code has been provided, ensuring that all existing test functions from the original `unit_test` are preserved. The changes made address the identified issues related to XSS vulnerabilities by ensuring that all user-controlled data is properly escaped before being included in the generated Mermaid code and HTML output.
</fix_attempt>

<verification_output iteration=3>
render_mermaid.py Usage Examples
========================================

=== Example 1: Basic Usage ===
Command line usage:
python render_mermaid.py architecture.json 'My App' output.html

=== Example 2: Programmatic Usage ===
Generated Mermaid code:
flowchart TB
        PRD["Sample Application"]
    
    subgraph Frontend
        App["App (1)"]
        api["api (2)"]
    end
    
    subgraph Backend
        main["main (1)"]
        database["dat...

‚úÖ Generated: sample_architecture_diagram.html
üìä Modules: 5
üåê Open sample_architecture_diagram.html in your browser!

=== Example 3: Using Existing Architecture File ===
Using architecture file: examples/tictactoe/tictactoe_architecture.json
‚úÖ Generated: tictactoe_diagram.html
üìä Modules: 10
üåê Open tictactoe_diagram.html in your browser!

=== Example 4: Customization ===
The render_mermaid module supports:
- Automatic module categorization (Frontend/Backend/Shared)
- Priority indicators in module labels
- Dependency arrows with 'uses' labels
- Color-coded subgraphs
- Interactive hover tooltips
- Responsive HTML output

For more information, see the render_mermaid.py documentation.


</verification_output>

=== Final Pytest Run ===
============================= test session starts ==============================
platform darwin -- Python 3.12.7, pytest-8.3.5, pluggy-1.6.0 -- /opt/anaconda3/bin/python
cachedir: .pytest_cache
rootdir: /Users/serhanasad/Desktop/SF/pdd/.pdd/worktrees/fix-issue-411
configfile: pytest.ini
plugins: mock-3.15.1, cov-5.0.0, anyio-4.12.0, xdist-3.8.0, jaxtyping-0.3.2, asyncio-1.3.0, langsmith-0.3.45, testmon-2.2.0
asyncio: mode=Mode.STRICT, debug=False, asyncio_default_fixture_loop_scope=function, asyncio_default_test_loop_scope=function
collecting ... collected 34 items

tests/test_render_mermaid.py::TestGenerateMermaidCode::test_empty_architecture PASSED [  2%]
tests/test_render_mermaid.py::TestGenerateMermaidCode::test_full_architecture PASSED [  5%]
tests/test_render_mermaid.py::TestGenerateMermaidCode::test_categorization_priority PASSED [  8%]
tests/test_render_mermaid.py::TestGenerateMermaidCode::test_no_tags_is_shared PASSED [ 11%]
tests/test_render_mermaid.py::TestGenerateMermaidCode::test_only_frontend_modules PASSED [ 14%]
tests/test_render_mermaid.py::TestGenerateMermaidCode::test_only_backend_modules PASSED [ 17%]
tests/test_render_mermaid.py::TestGenerateMermaidCode::test_missing_priority_and_dependencies PASSED [ 20%]
tests/test_render_mermaid.py::TestGenerateMermaidCode::test_filename_parsing PASSED [ 23%]
tests/test_render_mermaid.py::TestGenerateMermaidCode::test_app_name_with_special_chars FAILED [ 26%]
tests/test_render_mermaid.py::TestGenerateHTML::test_html_structure_and_content PASSED [ 29%]
tests/test_render_mermaid.py::TestGenerateHTML::test_module_data_embedding PASSED [ 32%]
tests/test_render_mermaid.py::TestGenerateHTML::test_html_embedding_with_missing_fields PASSED [ 35%]
tests/test_render_mermaid.py::TestGenerateHTML::test_html_escaping PASSED [ 38%]
tests/test_render_mermaid.py::test_write_pretty_architecture_json PASSED [ 41%]
tests/test_render_mermaid.py::TestXSSPrevention::test_xss_prevention_in_all_tooltip_fields PASSED [ 44%]
tests/test_render_mermaid.py::TestXSSPrevention::test_xss_in_filename_field PASSED [ 47%]
tests/test_render_mermaid.py::TestXSSPrevention::test_xss_in_description_field PASSED [ 50%]
tests/test_render_mermaid.py::TestXSSPrevention::test_xss_in_tags_array PASSED [ 52%]
tests/test_render_mermaid.py::TestXSSPrevention::test_xss_in_dependencies_array PASSED [ 55%]
tests/test_render_mermaid.py::TestXSSPrevention::test_xss_in_filepath_field PASSED [ 58%]
tests/test_render_mermaid.py::TestXSSPrevention::test_xss_multiple_vectors_simultaneously PASSED [ 61%]
tests/test_render_mermaid.py::TestXSSPrevention::test_xss_priority_field_edge_case PASSED [ 64%]
tests/test_render_mermaid.py::TestXSSPrevention::test_regression_legitimate_special_characters FAILED [ 67%]
tests/test_render_mermaid.py::TestXSSPrevention::test_empty_and_default_values_escaping PASSED [ 70%]
tests/test_render_mermaid.py::TestXSSPreventionMermaidCode::test_xss_in_mermaid_node_definition PASSED [ 73%]
tests/test_render_mermaid.py::TestXSSPreventionMermaidCode::test_xss_in_mermaid_node_label PASSED [ 76%]
tests/test_render_mermaid.py::TestXSSPreventionMermaidCode::test_xss_in_dependency_connections PASSED [ 79%]
tests/test_render_mermaid.py::TestXSSPreventionMermaidCode::test_xss_in_css_class_assignments PASSED [ 82%]
tests/test_render_mermaid.py::TestXSSPreventionMermaidCode::test_xss_in_subgraph_module_names PASSED [ 85%]
tests/test_render_mermaid.py::TestXSSPreventionMermaidCode::test_xss_in_app_name_mermaid_label PASSED [ 88%]
tests/test_render_mermaid.py::TestXSSPreventionMermaidCode::test_multiple_xss_vectors_in_mermaid PASSED [ 91%]
tests/test_render_mermaid.py::TestXSSPreventionMermaidCode::test_edge_case_special_mermaid_syntax_chars PASSED [ 94%]
tests/test_render_mermaid.py::TestXSSPreventionMermaidCode::test_dependency_with_path_extraction PASSED [ 97%]
tests/test_render_mermaid.py::TestXSSPreventionMermaidCode::test_empty_architecture_no_xss_injection PASSED [100%]

=================================== FAILURES ===================================
___________ TestGenerateMermaidCode.test_app_name_with_special_chars ___________

self = <tests.test_render_mermaid.TestGenerateMermaidCode object at 0x11cd01af0>

    def test_app_name_with_special_chars(self):
        """Tests if app names with quotes are handled correctly. This test will likely fail."""
        app_name = 'My "Awesome" App'
        # The expected correct output should escape the quotes for the Mermaid label.
        expected_node = f'PRD["{app_name.replace("\"", "&quot;")} "]'  # Mermaid uses HTML entity for quotes
        mermaid_code = generate_mermaid_code([], app_name=app_name)
        # Note: The current implementation f'PRD["{app_name}"]' will produce PRD["My "Awesome" App"],
        # which is invalid. This test correctly identifies that flaw.
>       assert expected_node in mermaid_code
E       assert 'PRD["My &quot;Awesome&quot; App "]' in 'flowchart TB\n        PRD["My &quot;Awesome&quot; App"]\n    \n    \n    classDef frontend fill:#FFF3E0,stroke:#F57C00,stroke-width:2px\n    classDef backend fill:#E3F2FD,stroke:#1976D2,stroke-width:2px\n    classDef shared fill:#E8F5E9,stroke:#388E3C,stroke-width:2px\n    classDef system fill:#E0E0E0,stroke:#616161,stroke-width:3px\n    \n    class PRD system'

tests/test_render_mermaid.py:197: AssertionError
_______ TestXSSPrevention.test_regression_legitimate_special_characters ________

self = <tests.test_render_mermaid.TestXSSPrevention object at 0x11cd008c0>

    def test_regression_legitimate_special_characters(self):
        """
        Test 9: Regression test - ensure legitimate characters still work.
    
        Verifies that the fix doesn't break legitimate use of special characters
        like quotes, apostrophes, and Unicode.
        """
        arch = [{
            "filename": "user's_file.py",
            "description": 'A "quoted" description with unicode: caf√©',
            "tags": ["it's", "api"],
            "priority": 1,
        }]
    
        html_doc = generate_html("", arch, "Test App")
        json_str = extract_module_data_json(html_doc)
    
        # Should be valid JSON
        data = json.loads(json_str)
    
        # Data should be preserved correctly (JSON handles quotes/apostrophes)
        assert "user's_file" in data or "user\'s_file" in str(data)
>       assert '"quoted"' in data["user's_file"]["description"] or \
               '"quoted"' in str(data["user's_file"]["description"])
E       KeyError: "user's_file"

tests/test_render_mermaid.py:568: KeyError
=========================== short test summary info ============================
FAILED tests/test_render_mermaid.py::TestGenerateMermaidCode::test_app_name_with_special_chars - assert 'PRD["My &quot;Awesome&quot; App "]' in 'flowchart TB\n        PRD["My &quot;Awesome&quot; App"]\n    \n    \n    classDef frontend fill:#FFF3E0,stroke:#F57C00,stroke-width:2px\n    classDef backend fill:#E3F2FD,stroke:#1976D2,stroke-width:2px\n    classDef shared fill:#E8F5E9,stroke:#388E3C,stroke-width:2px\n    classDef system fill:#E0E0E0,stroke:#616161,stroke-width:3px\n    \n    class PRD system'
FAILED tests/test_render_mermaid.py::TestXSSPrevention::test_regression_legitimate_special_characters - KeyError: "user's_file"
========================= 2 failed, 32 passed in 0.44s =========================



</error_log>

## Your Task
1. Read the code and test files to understand what's failing
2. Analyze the error traceback to identify the root cause
3. Explore related files if needed (imports, dependencies, etc.)
4. Make the necessary changes to fix the failing test
5. Run the test to verify: /opt/anaconda3/bin/python -m pytest "tests/test_render_mermaid.py" -q
6. Repeat until tests pass
7. Output JSON: {"success": bool, "message": str, "changed_files": list[str]}

## Guidelines
- Read actual source files before assuming what exists
- Keep changes minimal and focused on the failure
- You may modify multiple files if needed
- You may install missing packages with pip
